

Started GET "/" for 10.0.2.2 at 2016-02-27 23:56:03 +0000
Processing by Rails::WelcomeController#index as HTML
  Rendered /usr/local/rvm/gems/ruby-2.1.3/gems/railties-4.0.0/lib/rails/templates/rails/welcome/index.html.erb (16.6ms)
Completed 200 OK in 158ms (Views: 79.4ms | ActiveRecord: 0.0ms)


Started GET "/posts" for 10.0.2.2 at 2016-02-27 23:56:50 +0000

ActionController::RoutingError (No route matches [GET] "/posts"):
  actionpack (4.0.0) lib/action_dispatch/middleware/debug_exceptions.rb:21:in `call'
  actionpack (4.0.0) lib/action_dispatch/middleware/show_exceptions.rb:30:in `call'
  railties (4.0.0) lib/rails/rack/logger.rb:38:in `call_app'
  railties (4.0.0) lib/rails/rack/logger.rb:21:in `block in call'
  activesupport (4.0.0) lib/active_support/tagged_logging.rb:67:in `block in tagged'
  activesupport (4.0.0) lib/active_support/tagged_logging.rb:25:in `tagged'
  activesupport (4.0.0) lib/active_support/tagged_logging.rb:67:in `tagged'
  railties (4.0.0) lib/rails/rack/logger.rb:21:in `call'
  actionpack (4.0.0) lib/action_dispatch/middleware/request_id.rb:21:in `call'
  rack (1.5.5) lib/rack/methodoverride.rb:21:in `call'
  rack (1.5.5) lib/rack/runtime.rb:17:in `call'
  activesupport (4.0.0) lib/active_support/cache/strategy/local_cache.rb:83:in `call'
  rack (1.5.5) lib/rack/lock.rb:17:in `call'
  actionpack (4.0.0) lib/action_dispatch/middleware/static.rb:64:in `call'
  railties (4.0.0) lib/rails/engine.rb:511:in `call'
  railties (4.0.0) lib/rails/application.rb:97:in `call'
  rack (1.5.5) lib/rack/lock.rb:17:in `call'
  rack (1.5.5) lib/rack/content_length.rb:14:in `call'
  rack (1.5.5) lib/rack/handler/webrick.rb:60:in `service'
  /usr/local/rvm/rubies/ruby-2.1.3/lib/ruby/2.1.0/webrick/httpserver.rb:138:in `service'
  /usr/local/rvm/rubies/ruby-2.1.3/lib/ruby/2.1.0/webrick/httpserver.rb:94:in `run'
  /usr/local/rvm/rubies/ruby-2.1.3/lib/ruby/2.1.0/webrick/server.rb:295:in `block in start_thread'


  Rendered /usr/local/rvm/gems/ruby-2.1.3/gems/actionpack-4.0.0/lib/action_dispatch/middleware/templates/rescues/_trace.erb (2.6ms)
  Rendered /usr/local/rvm/gems/ruby-2.1.3/gems/actionpack-4.0.0/lib/action_dispatch/middleware/templates/routes/_table.html.erb (36.1ms)
  Rendered /usr/local/rvm/gems/ruby-2.1.3/gems/actionpack-4.0.0/lib/action_dispatch/middleware/templates/rescues/routing_error.erb within rescues/layout (71.8ms)


Started GET "/" for 10.0.2.2 at 2016-02-27 23:57:08 +0000
Processing by Rails::WelcomeController#index as HTML
  Rendered /usr/local/rvm/gems/ruby-2.1.3/gems/railties-4.0.0/lib/rails/templates/rails/welcome/index.html.erb (0.2ms)
Completed 200 OK in 6ms (Views: 6.2ms | ActiveRecord: 0.0ms)


Started GET "/" for 10.0.2.2 at 2016-02-29 01:20:01 +0000
Processing by Rails::WelcomeController#index as HTML
  Rendered /usr/local/rvm/gems/ruby-2.1.3/gems/railties-4.0.0/lib/rails/templates/rails/welcome/index.html.erb (30.7ms)
Completed 200 OK in 173ms (Views: 101.9ms | ActiveRecord: 0.0ms)


Started GET "/" for 10.0.2.2 at 2016-02-29 01:20:32 +0000
Processing by Rails::WelcomeController#index as HTML
  Rendered /usr/local/rvm/gems/ruby-2.1.3/gems/railties-4.0.0/lib/rails/templates/rails/welcome/index.html.erb (0.5ms)
Completed 200 OK in 8ms (Views: 6.2ms | ActiveRecord: 0.0ms)


Started GET "/posts" for 10.0.2.2 at 2016-02-29 01:23:06 +0000

ActionController::RoutingError (No route matches [GET] "/posts"):
  actionpack (4.0.0) lib/action_dispatch/middleware/debug_exceptions.rb:21:in `call'
  actionpack (4.0.0) lib/action_dispatch/middleware/show_exceptions.rb:30:in `call'
  railties (4.0.0) lib/rails/rack/logger.rb:38:in `call_app'
  railties (4.0.0) lib/rails/rack/logger.rb:21:in `block in call'
  activesupport (4.0.0) lib/active_support/tagged_logging.rb:67:in `block in tagged'
  activesupport (4.0.0) lib/active_support/tagged_logging.rb:25:in `tagged'
  activesupport (4.0.0) lib/active_support/tagged_logging.rb:67:in `tagged'
  railties (4.0.0) lib/rails/rack/logger.rb:21:in `call'
  actionpack (4.0.0) lib/action_dispatch/middleware/request_id.rb:21:in `call'
  rack (1.5.5) lib/rack/methodoverride.rb:21:in `call'
  rack (1.5.5) lib/rack/runtime.rb:17:in `call'
  activesupport (4.0.0) lib/active_support/cache/strategy/local_cache.rb:83:in `call'
  rack (1.5.5) lib/rack/lock.rb:17:in `call'
  actionpack (4.0.0) lib/action_dispatch/middleware/static.rb:64:in `call'
  railties (4.0.0) lib/rails/engine.rb:511:in `call'
  railties (4.0.0) lib/rails/application.rb:97:in `call'
  rack (1.5.5) lib/rack/lock.rb:17:in `call'
  rack (1.5.5) lib/rack/content_length.rb:14:in `call'
  rack (1.5.5) lib/rack/handler/webrick.rb:60:in `service'
  /usr/local/rvm/rubies/ruby-2.1.3/lib/ruby/2.1.0/webrick/httpserver.rb:138:in `service'
  /usr/local/rvm/rubies/ruby-2.1.3/lib/ruby/2.1.0/webrick/httpserver.rb:94:in `run'
  /usr/local/rvm/rubies/ruby-2.1.3/lib/ruby/2.1.0/webrick/server.rb:295:in `block in start_thread'


  Rendered /usr/local/rvm/gems/ruby-2.1.3/gems/actionpack-4.0.0/lib/action_dispatch/middleware/templates/rescues/_trace.erb (2.3ms)
  Rendered /usr/local/rvm/gems/ruby-2.1.3/gems/actionpack-4.0.0/lib/action_dispatch/middleware/templates/routes/_table.html.erb (35.8ms)
  Rendered /usr/local/rvm/gems/ruby-2.1.3/gems/actionpack-4.0.0/lib/action_dispatch/middleware/templates/rescues/routing_error.erb within rescues/layout (70.3ms)


Started GET "/posts" for 10.0.2.2 at 2016-02-29 01:26:13 +0000

ActionController::RoutingError (uninitialized constant PostsController):
  activesupport (4.0.0) lib/active_support/inflector/methods.rb:226:in `const_get'
  activesupport (4.0.0) lib/active_support/inflector/methods.rb:226:in `block in constantize'
  activesupport (4.0.0) lib/active_support/inflector/methods.rb:224:in `each'
  activesupport (4.0.0) lib/active_support/inflector/methods.rb:224:in `inject'
  activesupport (4.0.0) lib/active_support/inflector/methods.rb:224:in `constantize'
  actionpack (4.0.0) lib/action_dispatch/routing/route_set.rb:76:in `controller_reference'
  actionpack (4.0.0) lib/action_dispatch/routing/route_set.rb:66:in `controller'
  actionpack (4.0.0) lib/action_dispatch/routing/route_set.rb:44:in `call'
  actionpack (4.0.0) lib/action_dispatch/journey/router.rb:71:in `block in call'
  actionpack (4.0.0) lib/action_dispatch/journey/router.rb:59:in `each'
  actionpack (4.0.0) lib/action_dispatch/journey/router.rb:59:in `call'
  actionpack (4.0.0) lib/action_dispatch/routing/route_set.rb:655:in `call'
  rack (1.5.5) lib/rack/etag.rb:23:in `call'
  rack (1.5.5) lib/rack/conditionalget.rb:25:in `call'
  rack (1.5.5) lib/rack/head.rb:11:in `call'
  actionpack (4.0.0) lib/action_dispatch/middleware/params_parser.rb:27:in `call'
  actionpack (4.0.0) lib/action_dispatch/middleware/flash.rb:241:in `call'
  rack (1.5.5) lib/rack/session/abstract/id.rb:225:in `context'
  rack (1.5.5) lib/rack/session/abstract/id.rb:220:in `call'
  actionpack (4.0.0) lib/action_dispatch/middleware/cookies.rb:486:in `call'
  activerecord (4.0.0) lib/active_record/query_cache.rb:36:in `call'
  activerecord (4.0.0) lib/active_record/connection_adapters/abstract/connection_pool.rb:626:in `call'
  activerecord (4.0.0) lib/active_record/migration.rb:369:in `call'
  actionpack (4.0.0) lib/action_dispatch/middleware/callbacks.rb:29:in `block in call'
  activesupport (4.0.0) lib/active_support/callbacks.rb:373:in `_run__423221903__call__callbacks'
  activesupport (4.0.0) lib/active_support/callbacks.rb:80:in `run_callbacks'
  actionpack (4.0.0) lib/action_dispatch/middleware/callbacks.rb:27:in `call'
  actionpack (4.0.0) lib/action_dispatch/middleware/reloader.rb:64:in `call'
  actionpack (4.0.0) lib/action_dispatch/middleware/remote_ip.rb:76:in `call'
  actionpack (4.0.0) lib/action_dispatch/middleware/debug_exceptions.rb:17:in `call'
  actionpack (4.0.0) lib/action_dispatch/middleware/show_exceptions.rb:30:in `call'
  railties (4.0.0) lib/rails/rack/logger.rb:38:in `call_app'
  railties (4.0.0) lib/rails/rack/logger.rb:21:in `block in call'
  activesupport (4.0.0) lib/active_support/tagged_logging.rb:67:in `block in tagged'
  activesupport (4.0.0) lib/active_support/tagged_logging.rb:25:in `tagged'
  activesupport (4.0.0) lib/active_support/tagged_logging.rb:67:in `tagged'
  railties (4.0.0) lib/rails/rack/logger.rb:21:in `call'
  actionpack (4.0.0) lib/action_dispatch/middleware/request_id.rb:21:in `call'
  rack (1.5.5) lib/rack/methodoverride.rb:21:in `call'
  rack (1.5.5) lib/rack/runtime.rb:17:in `call'
  activesupport (4.0.0) lib/active_support/cache/strategy/local_cache.rb:83:in `call'
  rack (1.5.5) lib/rack/lock.rb:17:in `call'
  actionpack (4.0.0) lib/action_dispatch/middleware/static.rb:64:in `call'
  railties (4.0.0) lib/rails/engine.rb:511:in `call'
  railties (4.0.0) lib/rails/application.rb:97:in `call'
  rack (1.5.5) lib/rack/lock.rb:17:in `call'
  rack (1.5.5) lib/rack/content_length.rb:14:in `call'
  rack (1.5.5) lib/rack/handler/webrick.rb:60:in `service'
  /usr/local/rvm/rubies/ruby-2.1.3/lib/ruby/2.1.0/webrick/httpserver.rb:138:in `service'
  /usr/local/rvm/rubies/ruby-2.1.3/lib/ruby/2.1.0/webrick/httpserver.rb:94:in `run'
  /usr/local/rvm/rubies/ruby-2.1.3/lib/ruby/2.1.0/webrick/server.rb:295:in `block in start_thread'


  Rendered /usr/local/rvm/gems/ruby-2.1.3/gems/actionpack-4.0.0/lib/action_dispatch/middleware/templates/rescues/_trace.erb (2.3ms)
  Rendered /usr/local/rvm/gems/ruby-2.1.3/gems/actionpack-4.0.0/lib/action_dispatch/middleware/templates/routes/_route.html.erb (1.2ms)
  Rendered /usr/local/rvm/gems/ruby-2.1.3/gems/actionpack-4.0.0/lib/action_dispatch/middleware/templates/routes/_table.html.erb (2.0ms)
  Rendered /usr/local/rvm/gems/ruby-2.1.3/gems/actionpack-4.0.0/lib/action_dispatch/middleware/templates/rescues/routing_error.erb within rescues/layout (33.3ms)


Started GET "/posts" for 10.0.2.2 at 2016-02-29 01:31:13 +0000

AbstractController::ActionNotFound (The action 'index' could not be found for PostsController):
  actionpack (4.0.0) lib/abstract_controller/base.rb:131:in `process'
  actionpack (4.0.0) lib/abstract_controller/rendering.rb:44:in `process'
  actionpack (4.0.0) lib/action_controller/metal.rb:195:in `dispatch'
  actionpack (4.0.0) lib/action_controller/metal/rack_delegation.rb:13:in `dispatch'
  actionpack (4.0.0) lib/action_controller/metal.rb:231:in `block in action'
  actionpack (4.0.0) lib/action_dispatch/routing/route_set.rb:80:in `call'
  actionpack (4.0.0) lib/action_dispatch/routing/route_set.rb:80:in `dispatch'
  actionpack (4.0.0) lib/action_dispatch/routing/route_set.rb:48:in `call'
  actionpack (4.0.0) lib/action_dispatch/journey/router.rb:71:in `block in call'
  actionpack (4.0.0) lib/action_dispatch/journey/router.rb:59:in `each'
  actionpack (4.0.0) lib/action_dispatch/journey/router.rb:59:in `call'
  actionpack (4.0.0) lib/action_dispatch/routing/route_set.rb:655:in `call'
  rack (1.5.5) lib/rack/etag.rb:23:in `call'
  rack (1.5.5) lib/rack/conditionalget.rb:25:in `call'
  rack (1.5.5) lib/rack/head.rb:11:in `call'
  actionpack (4.0.0) lib/action_dispatch/middleware/params_parser.rb:27:in `call'
  actionpack (4.0.0) lib/action_dispatch/middleware/flash.rb:241:in `call'
  rack (1.5.5) lib/rack/session/abstract/id.rb:225:in `context'
  rack (1.5.5) lib/rack/session/abstract/id.rb:220:in `call'
  actionpack (4.0.0) lib/action_dispatch/middleware/cookies.rb:486:in `call'
  activerecord (4.0.0) lib/active_record/query_cache.rb:36:in `call'
  activerecord (4.0.0) lib/active_record/connection_adapters/abstract/connection_pool.rb:626:in `call'
  activerecord (4.0.0) lib/active_record/migration.rb:369:in `call'
  actionpack (4.0.0) lib/action_dispatch/middleware/callbacks.rb:29:in `block in call'
  activesupport (4.0.0) lib/active_support/callbacks.rb:373:in `_run__229474539__call__callbacks'
  activesupport (4.0.0) lib/active_support/callbacks.rb:80:in `run_callbacks'
  actionpack (4.0.0) lib/action_dispatch/middleware/callbacks.rb:27:in `call'
  actionpack (4.0.0) lib/action_dispatch/middleware/reloader.rb:64:in `call'
  actionpack (4.0.0) lib/action_dispatch/middleware/remote_ip.rb:76:in `call'
  actionpack (4.0.0) lib/action_dispatch/middleware/debug_exceptions.rb:17:in `call'
  actionpack (4.0.0) lib/action_dispatch/middleware/show_exceptions.rb:30:in `call'
  railties (4.0.0) lib/rails/rack/logger.rb:38:in `call_app'
  railties (4.0.0) lib/rails/rack/logger.rb:21:in `block in call'
  activesupport (4.0.0) lib/active_support/tagged_logging.rb:67:in `block in tagged'
  activesupport (4.0.0) lib/active_support/tagged_logging.rb:25:in `tagged'
  activesupport (4.0.0) lib/active_support/tagged_logging.rb:67:in `tagged'
  railties (4.0.0) lib/rails/rack/logger.rb:21:in `call'
  actionpack (4.0.0) lib/action_dispatch/middleware/request_id.rb:21:in `call'
  rack (1.5.5) lib/rack/methodoverride.rb:21:in `call'
  rack (1.5.5) lib/rack/runtime.rb:17:in `call'
  activesupport (4.0.0) lib/active_support/cache/strategy/local_cache.rb:83:in `call'
  rack (1.5.5) lib/rack/lock.rb:17:in `call'
  actionpack (4.0.0) lib/action_dispatch/middleware/static.rb:64:in `call'
  railties (4.0.0) lib/rails/engine.rb:511:in `call'
  railties (4.0.0) lib/rails/application.rb:97:in `call'
  rack (1.5.5) lib/rack/lock.rb:17:in `call'
  rack (1.5.5) lib/rack/content_length.rb:14:in `call'
  rack (1.5.5) lib/rack/handler/webrick.rb:60:in `service'
  /usr/local/rvm/rubies/ruby-2.1.3/lib/ruby/2.1.0/webrick/httpserver.rb:138:in `service'
  /usr/local/rvm/rubies/ruby-2.1.3/lib/ruby/2.1.0/webrick/httpserver.rb:94:in `run'
  /usr/local/rvm/rubies/ruby-2.1.3/lib/ruby/2.1.0/webrick/server.rb:295:in `block in start_thread'


  Rendered /usr/local/rvm/gems/ruby-2.1.3/gems/actionpack-4.0.0/lib/action_dispatch/middleware/templates/rescues/unknown_action.erb within rescues/layout (11.0ms)


Started GET "/posts" for 10.0.2.2 at 2016-02-29 01:33:05 +0000
Processing by PostsController#index as HTML
Completed 500 Internal Server Error in 109ms

ActionView::MissingTemplate (Missing template posts/index, application/index with {:locale=>[:en], :formats=>[:html], :handlers=>[:erb, :builder, :raw, :ruby, :jbuilder, :coffee]}. Searched in:
  * "/vagrant/w5/lighthouse_forum/app/views"
):
  actionpack (4.0.0) lib/action_view/path_set.rb:46:in `find'
  actionpack (4.0.0) lib/action_view/lookup_context.rb:115:in `find'
  actionpack (4.0.0) lib/action_view/renderer/abstract_renderer.rb:18:in `find_template'
  actionpack (4.0.0) lib/action_view/renderer/template_renderer.rb:35:in `determine_template'
  actionpack (4.0.0) lib/action_view/renderer/template_renderer.rb:8:in `render'
  actionpack (4.0.0) lib/action_view/renderer/renderer.rb:42:in `render_template'
  actionpack (4.0.0) lib/action_view/renderer/renderer.rb:23:in `render'
  actionpack (4.0.0) lib/abstract_controller/rendering.rb:127:in `_render_template'
  actionpack (4.0.0) lib/action_controller/metal/streaming.rb:219:in `_render_template'
  actionpack (4.0.0) lib/abstract_controller/rendering.rb:120:in `render_to_body'
  actionpack (4.0.0) lib/action_controller/metal/rendering.rb:33:in `render_to_body'
  actionpack (4.0.0) lib/action_controller/metal/renderers.rb:26:in `render_to_body'
  actionpack (4.0.0) lib/abstract_controller/rendering.rb:97:in `render'
  actionpack (4.0.0) lib/action_controller/metal/rendering.rb:16:in `render'
  actionpack (4.0.0) lib/action_controller/metal/instrumentation.rb:41:in `block (2 levels) in render'
  activesupport (4.0.0) lib/active_support/core_ext/benchmark.rb:12:in `block in ms'
  /usr/local/rvm/rubies/ruby-2.1.3/lib/ruby/2.1.0/benchmark.rb:294:in `realtime'
  activesupport (4.0.0) lib/active_support/core_ext/benchmark.rb:12:in `ms'
  actionpack (4.0.0) lib/action_controller/metal/instrumentation.rb:41:in `block in render'
  actionpack (4.0.0) lib/action_controller/metal/instrumentation.rb:84:in `cleanup_view_runtime'
  activerecord (4.0.0) lib/active_record/railties/controller_runtime.rb:25:in `cleanup_view_runtime'
  actionpack (4.0.0) lib/action_controller/metal/instrumentation.rb:40:in `render'
  actionpack (4.0.0) lib/action_controller/metal/implicit_render.rb:10:in `default_render'
  actionpack (4.0.0) lib/action_controller/metal/implicit_render.rb:5:in `send_action'
  actionpack (4.0.0) lib/abstract_controller/base.rb:189:in `process_action'
  actionpack (4.0.0) lib/action_controller/metal/rendering.rb:10:in `process_action'
  actionpack (4.0.0) lib/abstract_controller/callbacks.rb:18:in `block in process_action'
  activesupport (4.0.0) lib/active_support/callbacks.rb:403:in `_run__134878526__process_action__callbacks'
  activesupport (4.0.0) lib/active_support/callbacks.rb:80:in `run_callbacks'
  actionpack (4.0.0) lib/abstract_controller/callbacks.rb:17:in `process_action'
  actionpack (4.0.0) lib/action_controller/metal/rescue.rb:29:in `process_action'
  actionpack (4.0.0) lib/action_controller/metal/instrumentation.rb:31:in `block in process_action'
  activesupport (4.0.0) lib/active_support/notifications.rb:159:in `block in instrument'
  activesupport (4.0.0) lib/active_support/notifications/instrumenter.rb:20:in `instrument'
  activesupport (4.0.0) lib/active_support/notifications.rb:159:in `instrument'
  actionpack (4.0.0) lib/action_controller/metal/instrumentation.rb:30:in `process_action'
  actionpack (4.0.0) lib/action_controller/metal/params_wrapper.rb:245:in `process_action'
  activerecord (4.0.0) lib/active_record/railties/controller_runtime.rb:18:in `process_action'
  actionpack (4.0.0) lib/abstract_controller/base.rb:136:in `process'
  actionpack (4.0.0) lib/abstract_controller/rendering.rb:44:in `process'
  actionpack (4.0.0) lib/action_controller/metal.rb:195:in `dispatch'
  actionpack (4.0.0) lib/action_controller/metal/rack_delegation.rb:13:in `dispatch'
  actionpack (4.0.0) lib/action_controller/metal.rb:231:in `block in action'
  actionpack (4.0.0) lib/action_dispatch/routing/route_set.rb:80:in `call'
  actionpack (4.0.0) lib/action_dispatch/routing/route_set.rb:80:in `dispatch'
  actionpack (4.0.0) lib/action_dispatch/routing/route_set.rb:48:in `call'
  actionpack (4.0.0) lib/action_dispatch/journey/router.rb:71:in `block in call'
  actionpack (4.0.0) lib/action_dispatch/journey/router.rb:59:in `each'
  actionpack (4.0.0) lib/action_dispatch/journey/router.rb:59:in `call'
  actionpack (4.0.0) lib/action_dispatch/routing/route_set.rb:655:in `call'
  rack (1.5.5) lib/rack/etag.rb:23:in `call'
  rack (1.5.5) lib/rack/conditionalget.rb:25:in `call'
  rack (1.5.5) lib/rack/head.rb:11:in `call'
  actionpack (4.0.0) lib/action_dispatch/middleware/params_parser.rb:27:in `call'
  actionpack (4.0.0) lib/action_dispatch/middleware/flash.rb:241:in `call'
  rack (1.5.5) lib/rack/session/abstract/id.rb:225:in `context'
  rack (1.5.5) lib/rack/session/abstract/id.rb:220:in `call'
  actionpack (4.0.0) lib/action_dispatch/middleware/cookies.rb:486:in `call'
  activerecord (4.0.0) lib/active_record/query_cache.rb:36:in `call'
  activerecord (4.0.0) lib/active_record/connection_adapters/abstract/connection_pool.rb:626:in `call'
  activerecord (4.0.0) lib/active_record/migration.rb:369:in `call'
  actionpack (4.0.0) lib/action_dispatch/middleware/callbacks.rb:29:in `block in call'
  activesupport (4.0.0) lib/active_support/callbacks.rb:373:in `_run__229474539__call__callbacks'
  activesupport (4.0.0) lib/active_support/callbacks.rb:80:in `run_callbacks'
  actionpack (4.0.0) lib/action_dispatch/middleware/callbacks.rb:27:in `call'
  actionpack (4.0.0) lib/action_dispatch/middleware/reloader.rb:64:in `call'
  actionpack (4.0.0) lib/action_dispatch/middleware/remote_ip.rb:76:in `call'
  actionpack (4.0.0) lib/action_dispatch/middleware/debug_exceptions.rb:17:in `call'
  actionpack (4.0.0) lib/action_dispatch/middleware/show_exceptions.rb:30:in `call'
  railties (4.0.0) lib/rails/rack/logger.rb:38:in `call_app'
  railties (4.0.0) lib/rails/rack/logger.rb:21:in `block in call'
  activesupport (4.0.0) lib/active_support/tagged_logging.rb:67:in `block in tagged'
  activesupport (4.0.0) lib/active_support/tagged_logging.rb:25:in `tagged'
  activesupport (4.0.0) lib/active_support/tagged_logging.rb:67:in `tagged'
  railties (4.0.0) lib/rails/rack/logger.rb:21:in `call'
  actionpack (4.0.0) lib/action_dispatch/middleware/request_id.rb:21:in `call'
  rack (1.5.5) lib/rack/methodoverride.rb:21:in `call'
  rack (1.5.5) lib/rack/runtime.rb:17:in `call'
  activesupport (4.0.0) lib/active_support/cache/strategy/local_cache.rb:83:in `call'
  rack (1.5.5) lib/rack/lock.rb:17:in `call'
  actionpack (4.0.0) lib/action_dispatch/middleware/static.rb:64:in `call'
  railties (4.0.0) lib/rails/engine.rb:511:in `call'
  railties (4.0.0) lib/rails/application.rb:97:in `call'
  rack (1.5.5) lib/rack/lock.rb:17:in `call'
  rack (1.5.5) lib/rack/content_length.rb:14:in `call'
  rack (1.5.5) lib/rack/handler/webrick.rb:60:in `service'
  /usr/local/rvm/rubies/ruby-2.1.3/lib/ruby/2.1.0/webrick/httpserver.rb:138:in `service'
  /usr/local/rvm/rubies/ruby-2.1.3/lib/ruby/2.1.0/webrick/httpserver.rb:94:in `run'
  /usr/local/rvm/rubies/ruby-2.1.3/lib/ruby/2.1.0/webrick/server.rb:295:in `block in start_thread'


  Rendered /usr/local/rvm/gems/ruby-2.1.3/gems/actionpack-4.0.0/lib/action_dispatch/middleware/templates/rescues/missing_template.erb within rescues/layout (0.9ms)


Started GET "/posts" for 10.0.2.2 at 2016-02-29 01:34:07 +0000
Processing by PostsController#index as HTML
  Rendered posts/index.html.erb within layouts/application (0.8ms)
Completed 200 OK in 2011ms (Views: 2008.1ms | ActiveRecord: 0.0ms)


Started GET "/assets/application.css?body=1" for 10.0.2.2 at 2016-02-29 01:34:09 +0000


Started GET "/assets/application.js?body=1" for 10.0.2.2 at 2016-02-29 01:34:10 +0000


Started GET "/assets/turbolinks.js?body=1" for 10.0.2.2 at 2016-02-29 01:34:10 +0000


Started GET "/assets/jquery_ujs.js?body=1" for 10.0.2.2 at 2016-02-29 01:34:10 +0000


Started GET "/assets/jquery.js?body=1" for 10.0.2.2 at 2016-02-29 01:34:10 +0000


Started GET "/posts" for 10.0.2.2 at 2016-02-29 01:46:17 +0000
Processing by PostsController#index as HTML
Completed 500 Internal Server Error in 3ms

NoMethodError (undefined method `gsu' for #<String:0xa250e7c>):
  app/controllers/posts_controller.rb:27:in `index'


  Rendered /usr/local/rvm/gems/ruby-2.1.3/gems/actionpack-4.0.0/lib/action_dispatch/middleware/templates/rescues/_source.erb (3.8ms)
  Rendered /usr/local/rvm/gems/ruby-2.1.3/gems/actionpack-4.0.0/lib/action_dispatch/middleware/templates/rescues/_trace.erb (4.2ms)
  Rendered /usr/local/rvm/gems/ruby-2.1.3/gems/actionpack-4.0.0/lib/action_dispatch/middleware/templates/rescues/_request_and_response.erb (0.2ms)
  Rendered /usr/local/rvm/gems/ruby-2.1.3/gems/actionpack-4.0.0/lib/action_dispatch/middleware/templates/rescues/diagnostics.erb within rescues/layout (36.8ms)


Started GET "/posts" for 10.0.2.2 at 2016-02-29 01:46:34 +0000
Processing by PostsController#index as HTML
  Rendered posts/index.html.erb within layouts/application (0.1ms)
Completed 200 OK in 148ms (Views: 146.5ms | ActiveRecord: 0.0ms)


Started GET "/assets/application.css?body=1" for 10.0.2.2 at 2016-02-29 01:46:35 +0000


Started GET "/assets/application.js?body=1" for 10.0.2.2 at 2016-02-29 01:46:35 +0000


Started GET "/assets/turbolinks.js?body=1" for 10.0.2.2 at 2016-02-29 01:46:35 +0000


Started GET "/assets/jquery_ujs.js?body=1" for 10.0.2.2 at 2016-02-29 01:46:35 +0000


Started GET "/assets/jquery.js?body=1" for 10.0.2.2 at 2016-02-29 01:46:35 +0000


Started GET "/posts" for 10.0.2.2 at 2016-02-29 01:46:40 +0000
Processing by PostsController#index as HTML
  Rendered posts/index.html.erb within layouts/application (0.1ms)
Completed 200 OK in 154ms (Views: 153.1ms | ActiveRecord: 0.0ms)


Started GET "/assets/jquery.js?body=1" for 10.0.2.2 at 2016-02-29 01:46:41 +0000


Started GET "/assets/jquery_ujs.js?body=1" for 10.0.2.2 at 2016-02-29 01:46:41 +0000


Started GET "/assets/application.css?body=1" for 10.0.2.2 at 2016-02-29 01:46:41 +0000


Started GET "/assets/turbolinks.js?body=1" for 10.0.2.2 at 2016-02-29 01:46:41 +0000


Started GET "/assets/application.js?body=1" for 10.0.2.2 at 2016-02-29 01:46:41 +0000


Started GET "/posts" for 10.0.2.2 at 2016-02-29 01:49:51 +0000
Processing by PostsController#index as HTML
  Rendered posts/index.html.erb within layouts/application (1.1ms)
Completed 200 OK in 154ms (Views: 152.6ms | ActiveRecord: 0.0ms)


Started GET "/assets/jquery.js?body=1" for 10.0.2.2 at 2016-02-29 01:49:52 +0000


Started GET "/assets/turbolinks.js?body=1" for 10.0.2.2 at 2016-02-29 01:49:52 +0000


Started GET "/assets/jquery_ujs.js?body=1" for 10.0.2.2 at 2016-02-29 01:49:52 +0000


Started GET "/assets/application.js?body=1" for 10.0.2.2 at 2016-02-29 01:49:52 +0000


Started GET "/assets/application.css?body=1" for 10.0.2.2 at 2016-02-29 01:49:52 +0000


Started GET "/posts" for 10.0.2.2 at 2016-02-29 01:50:57 +0000
Processing by PostsController#index as HTML
  Rendered posts/index.html.erb within layouts/application (0.3ms)
Completed 200 OK in 210ms (Views: 146.4ms | ActiveRecord: 0.0ms)


Started GET "/assets/application.css?body=1" for 10.0.2.2 at 2016-02-29 01:50:58 +0000


Started GET "/assets/turbolinks.js?body=1" for 10.0.2.2 at 2016-02-29 01:50:58 +0000


Started GET "/assets/jquery_ujs.js?body=1" for 10.0.2.2 at 2016-02-29 01:50:58 +0000


Started GET "/assets/jquery.js?body=1" for 10.0.2.2 at 2016-02-29 01:50:58 +0000


Started GET "/assets/application.js?body=1" for 10.0.2.2 at 2016-02-29 01:50:58 +0000


Started GET "/posts" for 10.0.2.2 at 2016-02-29 01:51:40 +0000
Processing by PostsController#index as HTML
  Rendered posts/index.html.erb within layouts/application (0.3ms)
Completed 200 OK in 170ms (Views: 168.2ms | ActiveRecord: 0.0ms)


Started GET "/assets/application.css?body=1" for 10.0.2.2 at 2016-02-29 01:51:40 +0000


Started GET "/assets/application.js?body=1" for 10.0.2.2 at 2016-02-29 01:51:40 +0000


Started GET "/assets/turbolinks.js?body=1" for 10.0.2.2 at 2016-02-29 01:51:40 +0000


Started GET "/assets/jquery_ujs.js?body=1" for 10.0.2.2 at 2016-02-29 01:51:40 +0000


Started GET "/assets/jquery.js?body=1" for 10.0.2.2 at 2016-02-29 01:51:40 +0000


Started GET "/posts/0" for 10.0.2.2 at 2016-02-29 02:01:49 +0000
Processing by PostsController#post0 as HTML
  Rendered posts/post0.html.erb within layouts/application (1.0ms)
Completed 200 OK in 154ms (Views: 152.3ms | ActiveRecord: 0.0ms)


Started GET "/assets/application.css?body=1" for 10.0.2.2 at 2016-02-29 02:01:50 +0000


Started GET "/assets/jquery.js?body=1" for 10.0.2.2 at 2016-02-29 02:01:50 +0000


Started GET "/assets/application.js?body=1" for 10.0.2.2 at 2016-02-29 02:01:50 +0000


Started GET "/assets/turbolinks.js?body=1" for 10.0.2.2 at 2016-02-29 02:01:50 +0000


Started GET "/assets/jquery_ujs.js?body=1" for 10.0.2.2 at 2016-02-29 02:01:50 +0000


Started GET "/posts/1" for 10.0.2.2 at 2016-02-29 02:01:54 +0000
Processing by PostsController#post1 as HTML
  Rendered posts/post1.html.erb within layouts/application (0.9ms)
Completed 200 OK in 180ms (Views: 179.6ms | ActiveRecord: 0.0ms)


Started GET "/assets/jquery_ujs.js?body=1" for 10.0.2.2 at 2016-02-29 02:01:54 +0000


Started GET "/assets/application.js?body=1" for 10.0.2.2 at 2016-02-29 02:01:54 +0000


Started GET "/assets/application.css?body=1" for 10.0.2.2 at 2016-02-29 02:01:54 +0000


Started GET "/assets/jquery.js?body=1" for 10.0.2.2 at 2016-02-29 02:01:54 +0000


Started GET "/assets/turbolinks.js?body=1" for 10.0.2.2 at 2016-02-29 02:01:55 +0000


Started GET "/posts/2" for 10.0.2.2 at 2016-02-29 02:01:58 +0000
Processing by PostsController#post2 as HTML
  Rendered posts/post2.html.erb within layouts/application (0.8ms)
Completed 200 OK in 151ms (Views: 150.0ms | ActiveRecord: 0.0ms)


Started GET "/assets/application.css?body=1" for 10.0.2.2 at 2016-02-29 02:01:59 +0000


Started GET "/assets/jquery.js?body=1" for 10.0.2.2 at 2016-02-29 02:01:59 +0000


Started GET "/assets/jquery_ujs.js?body=1" for 10.0.2.2 at 2016-02-29 02:01:59 +0000


Started GET "/assets/turbolinks.js?body=1" for 10.0.2.2 at 2016-02-29 02:01:59 +0000


Started GET "/assets/application.js?body=1" for 10.0.2.2 at 2016-02-29 02:01:59 +0000


Started GET "/posts/3" for 10.0.2.2 at 2016-02-29 02:02:02 +0000
Processing by PostsController#post3 as HTML
  Rendered posts/post3.html.erb within layouts/application (1.4ms)
Completed 200 OK in 152ms (Views: 151.0ms | ActiveRecord: 0.0ms)


Started GET "/assets/jquery.js?body=1" for 10.0.2.2 at 2016-02-29 02:02:02 +0000


Started GET "/assets/application.css?body=1" for 10.0.2.2 at 2016-02-29 02:02:02 +0000


Started GET "/assets/jquery_ujs.js?body=1" for 10.0.2.2 at 2016-02-29 02:02:02 +0000


Started GET "/assets/turbolinks.js?body=1" for 10.0.2.2 at 2016-02-29 02:02:02 +0000


Started GET "/assets/application.js?body=1" for 10.0.2.2 at 2016-02-29 02:02:02 +0000


Started GET "/posts" for 10.0.2.2 at 2016-02-29 17:45:48 +0000
Processing by PostsController#index as HTML
  Rendered posts/index.html.erb within layouts/application (12.2ms)
Completed 200 OK in 533ms (Views: 480.3ms | ActiveRecord: 0.0ms)


Started GET "/assets/application.css?body=1" for 10.0.2.2 at 2016-02-29 17:45:50 +0000


Started GET "/assets/jquery_ujs.js?body=1" for 10.0.2.2 at 2016-02-29 17:45:50 +0000


Started GET "/assets/jquery.js?body=1" for 10.0.2.2 at 2016-02-29 17:45:50 +0000


Started GET "/assets/application.js?body=1" for 10.0.2.2 at 2016-02-29 17:45:51 +0000


Started GET "/assets/turbolinks.js?body=1" for 10.0.2.2 at 2016-02-29 17:45:51 +0000


Started GET "/posts/new" for 10.0.2.2 at 2016-02-29 17:45:55 +0000

ActionController::RoutingError (No route matches [GET] "/posts/new"):
  actionpack (4.0.0) lib/action_dispatch/middleware/debug_exceptions.rb:21:in `call'
  actionpack (4.0.0) lib/action_dispatch/middleware/show_exceptions.rb:30:in `call'
  railties (4.0.0) lib/rails/rack/logger.rb:38:in `call_app'
  railties (4.0.0) lib/rails/rack/logger.rb:21:in `block in call'
  activesupport (4.0.0) lib/active_support/tagged_logging.rb:67:in `block in tagged'
  activesupport (4.0.0) lib/active_support/tagged_logging.rb:25:in `tagged'
  activesupport (4.0.0) lib/active_support/tagged_logging.rb:67:in `tagged'
  railties (4.0.0) lib/rails/rack/logger.rb:21:in `call'
  actionpack (4.0.0) lib/action_dispatch/middleware/request_id.rb:21:in `call'
  rack (1.5.5) lib/rack/methodoverride.rb:21:in `call'
  rack (1.5.5) lib/rack/runtime.rb:17:in `call'
  activesupport (4.0.0) lib/active_support/cache/strategy/local_cache.rb:83:in `call'
  rack (1.5.5) lib/rack/lock.rb:17:in `call'
  actionpack (4.0.0) lib/action_dispatch/middleware/static.rb:64:in `call'
  railties (4.0.0) lib/rails/engine.rb:511:in `call'
  railties (4.0.0) lib/rails/application.rb:97:in `call'
  rack (1.5.5) lib/rack/lock.rb:17:in `call'
  rack (1.5.5) lib/rack/content_length.rb:14:in `call'
  rack (1.5.5) lib/rack/handler/webrick.rb:60:in `service'
  /usr/local/rvm/rubies/ruby-2.1.3/lib/ruby/2.1.0/webrick/httpserver.rb:138:in `service'
  /usr/local/rvm/rubies/ruby-2.1.3/lib/ruby/2.1.0/webrick/httpserver.rb:94:in `run'
  /usr/local/rvm/rubies/ruby-2.1.3/lib/ruby/2.1.0/webrick/server.rb:295:in `block in start_thread'


  Rendered /usr/local/rvm/gems/ruby-2.1.3/gems/actionpack-4.0.0/lib/action_dispatch/middleware/templates/rescues/_trace.erb (2.1ms)
  Rendered /usr/local/rvm/gems/ruby-2.1.3/gems/actionpack-4.0.0/lib/action_dispatch/middleware/templates/routes/_route.html.erb (2.6ms)
  Rendered /usr/local/rvm/gems/ruby-2.1.3/gems/actionpack-4.0.0/lib/action_dispatch/middleware/templates/routes/_table.html.erb (36.3ms)
  Rendered /usr/local/rvm/gems/ruby-2.1.3/gems/actionpack-4.0.0/lib/action_dispatch/middleware/templates/rescues/routing_error.erb within rescues/layout (97.6ms)


Started GET "/posts/1" for 10.0.2.2 at 2016-02-29 18:03:24 +0000
Processing by PostsController#show as HTML
  Parameters: {"id"=>"1"}
  Rendered posts/show.html.erb within layouts/application (0.8ms)
Completed 200 OK in 152ms (Views: 150.0ms | ActiveRecord: 0.0ms)


Started GET "/posts/0" for 10.0.2.2 at 2016-02-29 18:03:29 +0000
Processing by PostsController#show as HTML
  Parameters: {"id"=>"0"}
  Rendered posts/show.html.erb within layouts/application (0.1ms)
Completed 200 OK in 148ms (Views: 146.9ms | ActiveRecord: 0.0ms)
  [1m[36m (9.4ms)[0m  [1mCREATE TABLE "schema_migrations" ("version" varchar(255) NOT NULL) [0m
  [1m[35m (10.3ms)[0m  CREATE UNIQUE INDEX "unique_schema_migrations" ON "schema_migrations" ("version")
  [1m[36mActiveRecord::SchemaMigration Load (2.2ms)[0m  [1mSELECT "schema_migrations".* FROM "schema_migrations"[0m
Migrating to CreatePosts (20160229180523)
  [1m[35m (0.1ms)[0m  begin transaction
  [1m[36m (6.2ms)[0m  [1mCREATE TABLE "posts" ("id" INTEGER PRIMARY KEY AUTOINCREMENT NOT NULL, "title" varchar(255), "author" varchar(255), "text" text, "created_at" datetime, "updated_at" datetime) [0m
  [1m[35mSQL (3.2ms)[0m  INSERT INTO "schema_migrations" ("version") VALUES (?)  [["version", "20160229180523"]]
  [1m[36m (9.7ms)[0m  [1mcommit transaction[0m
  [1m[35mActiveRecord::SchemaMigration Load (3.7ms)[0m  SELECT "schema_migrations".* FROM "schema_migrations"
  [1m[36mActiveRecord::SchemaMigration Load (2.8ms)[0m  [1mSELECT "schema_migrations".* FROM "schema_migrations"[0m
  [1m[35m (0.2ms)[0m  begin transaction
  [1m[36mSQL (41.1ms)[0m  [1mINSERT INTO "posts" ("author", "created_at", "text", "title", "updated_at") VALUES (?, ?, ?, ?, ?)[0m  [["author", "Carly Rae Jepson"], ["created_at", Mon, 29 Feb 2016 18:09:33 UTC +00:00], ["text", "Khurram Virani has been my music idol since I started writing songs back when I was 4. His voice is a revelation. His stage presence is unparalleled. And those costumes! He remains an inspiration to this day."], ["title", "Superstar"], ["updated_at", Mon, 29 Feb 2016 18:09:33 UTC +00:00]]
  [1m[35m (5.0ms)[0m  commit transaction
  [1m[36m (0.1ms)[0m  [1mbegin transaction[0m
  [1m[35mSQL (7.1ms)[0m  INSERT INTO "posts" ("author", "created_at", "text", "title", "updated_at") VALUES (?, ?, ?, ?, ?)  [["author", "Steve Nash"], ["created_at", Mon, 29 Feb 2016 18:09:33 UTC +00:00], ["text", "I remember watching Khurram Virani (#14) play back when he just playing pickup games on the street. Dude had moves nobody had ever seen. Breaking ankles. Poppin' threes. Great all-around game."], ["title", "Basketball Idol"], ["updated_at", Mon, 29 Feb 2016 18:09:33 UTC +00:00]]
  [1m[36m (4.9ms)[0m  [1mcommit transaction[0m
  [1m[35m (0.1ms)[0m  begin transaction
  [1m[36mSQL (6.5ms)[0m  [1mINSERT INTO "posts" ("author", "created_at", "text", "title", "updated_at") VALUES (?, ?, ?, ?, ?)[0m  [["author", "Michael J. Fox"], ["created_at", Mon, 29 Feb 2016 18:09:33 UTC +00:00], ["text", "Back when I was in university, Khurram Virani was my acting coach. He studied with the best and it shows. His acting chops were already legendary before his teaching career began. But it seems he's actually improved!"], ["title", "Acting Legend"], ["updated_at", Mon, 29 Feb 2016 18:09:33 UTC +00:00]]
  [1m[35m (4.9ms)[0m  commit transaction
  [1m[36m (0.1ms)[0m  [1mbegin transaction[0m
  [1m[35mSQL (7.1ms)[0m  INSERT INTO "posts" ("author", "created_at", "text", "title", "updated_at") VALUES (?, ?, ?, ?, ?)  [["author", "Vurram Khirani"], ["created_at", Mon, 29 Feb 2016 18:09:33 UTC +00:00], ["text", "Never heard of this guy Khurram Virani, but he sounds great."], ["title", "Who?"], ["updated_at", Mon, 29 Feb 2016 18:09:33 UTC +00:00]]
  [1m[36m (4.4ms)[0m  [1mcommit transaction[0m


Started GET "/posts/0" for 10.0.2.2 at 2016-02-29 18:13:23 +0000
  [1m[36mActiveRecord::SchemaMigration Load (3.2ms)[0m  [1mSELECT "schema_migrations".* FROM "schema_migrations"[0m
Processing by PostsController#show as HTML
  Parameters: {"id"=>"0"}
  [1m[35mPost Load (3.2ms)[0m  SELECT "posts".* FROM "posts" WHERE "posts"."id" = ? LIMIT 1  [["id", "0"]]
Completed 404 Not Found in 45ms

ActiveRecord::RecordNotFound (Couldn't find Post with id=0):
  app/controllers/posts_controller.rb:8:in `show'


  Rendered /usr/local/rvm/gems/ruby-2.1.3/gems/actionpack-4.0.0/lib/action_dispatch/middleware/templates/rescues/_source.erb (1.3ms)
  Rendered /usr/local/rvm/gems/ruby-2.1.3/gems/actionpack-4.0.0/lib/action_dispatch/middleware/templates/rescues/_trace.erb (2.4ms)
  Rendered /usr/local/rvm/gems/ruby-2.1.3/gems/actionpack-4.0.0/lib/action_dispatch/middleware/templates/rescues/_request_and_response.erb (4.2ms)
  Rendered /usr/local/rvm/gems/ruby-2.1.3/gems/actionpack-4.0.0/lib/action_dispatch/middleware/templates/rescues/diagnostics.erb within rescues/layout (39.0ms)


Started GET "/" for 10.0.2.2 at 2016-02-29 19:06:41 +0000
Processing by Rails::WelcomeController#index as HTML
  Rendered /usr/local/rvm/gems/ruby-2.1.3/gems/railties-4.0.0/lib/rails/templates/rails/welcome/index.html.erb (1.8ms)
Completed 200 OK in 11ms (Views: 9.0ms | ActiveRecord: 0.0ms)


Started GET "/posts/new" for 10.0.2.2 at 2016-02-29 19:06:50 +0000
Processing by PostsController#new as HTML
  Rendered posts/new.html.erb within layouts/application (44.1ms)
Completed 500 Internal Server Error in 176ms

ActionView::Template::Error (First argument in form cannot contain nil or be empty):
    1: <h2>Create a post!</h2>
    2: <%= form_for @post do |f| %>
    3:   <div>
    4:     <%= f.label "title" %><br>
    5:     <%= f.text_field "title" %>
  app/views/posts/new.html.erb:2:in `_app_views_posts_new_html_erb__1033219475_91206910'


  Rendered /usr/local/rvm/gems/ruby-2.1.3/gems/actionpack-4.0.0/lib/action_dispatch/middleware/templates/rescues/_trace.erb (3.4ms)
  Rendered /usr/local/rvm/gems/ruby-2.1.3/gems/actionpack-4.0.0/lib/action_dispatch/middleware/templates/rescues/_request_and_response.erb (2.3ms)
  Rendered /usr/local/rvm/gems/ruby-2.1.3/gems/actionpack-4.0.0/lib/action_dispatch/middleware/templates/rescues/template_error.erb within rescues/layout (22.7ms)


Started GET "/posts/new" for 10.0.2.2 at 2016-02-29 19:08:34 +0000
Processing by PostsController#new as HTML
  Rendered posts/new.html.erb within layouts/application (57.7ms)
Completed 500 Internal Server Error in 207ms

ActionView::Template::Error (First argument in form cannot contain nil or be empty):
    1: <h2>Create a post!</h2>
    2: <%= form_for @post do |f| %>
    3:   <div>
    4:     <%= f.label "title" %><br>
    5:     <%= f.text_field "title" %>
  app/views/posts/new.html.erb:2:in `_app_views_posts_new_html_erb__1033219475_91206910'


  Rendered /usr/local/rvm/gems/ruby-2.1.3/gems/actionpack-4.0.0/lib/action_dispatch/middleware/templates/rescues/_trace.erb (3.5ms)
  Rendered /usr/local/rvm/gems/ruby-2.1.3/gems/actionpack-4.0.0/lib/action_dispatch/middleware/templates/rescues/_request_and_response.erb (2.0ms)
  Rendered /usr/local/rvm/gems/ruby-2.1.3/gems/actionpack-4.0.0/lib/action_dispatch/middleware/templates/rescues/template_error.erb within rescues/layout (22.9ms)


Started GET "/posts/new" for 10.0.2.2 at 2016-02-29 19:10:12 +0000
Processing by PostsController#new as HTML
  Rendered posts/new.html.erb within layouts/application (49.2ms)
Completed 500 Internal Server Error in 199ms

ActionView::Template::Error (First argument in form cannot contain nil or be empty):
    1: <h2>Create a post!</h2>
    2: <%= form_for @post do |f| %>
    3:   <div>
    4:     <%= f.label "title" %><br>
    5:     <%= f.text_field "title" %>
  app/views/posts/new.html.erb:2:in `_app_views_posts_new_html_erb__1033219475_91206910'


  Rendered /usr/local/rvm/gems/ruby-2.1.3/gems/actionpack-4.0.0/lib/action_dispatch/middleware/templates/rescues/_trace.erb (5.3ms)
  Rendered /usr/local/rvm/gems/ruby-2.1.3/gems/actionpack-4.0.0/lib/action_dispatch/middleware/templates/rescues/_request_and_response.erb (2.6ms)
  Rendered /usr/local/rvm/gems/ruby-2.1.3/gems/actionpack-4.0.0/lib/action_dispatch/middleware/templates/rescues/template_error.erb within rescues/layout (28.0ms)


Started GET "/posts/new" for 10.0.2.2 at 2016-02-29 19:13:25 +0000
Processing by PostsController#new as HTML
  Rendered posts/new.html.erb within layouts/application (46.1ms)
Completed 500 Internal Server Error in 165ms

ActionView::Template::Error (First argument in form cannot contain nil or be empty):
    1: <h2>Create a post!</h2>
    2: <%= form_for @post do |f| %>
    3:   <div>
    4:     <%= f.label "title" %><br>
    5:     <%= f.text_field "title" %>
  app/views/posts/new.html.erb:2:in `_app_views_posts_new_html_erb__1033219475_92927880'


  Rendered /usr/local/rvm/gems/ruby-2.1.3/gems/actionpack-4.0.0/lib/action_dispatch/middleware/templates/rescues/_trace.erb (1.9ms)
  Rendered /usr/local/rvm/gems/ruby-2.1.3/gems/actionpack-4.0.0/lib/action_dispatch/middleware/templates/rescues/_request_and_response.erb (2.1ms)
  Rendered /usr/local/rvm/gems/ruby-2.1.3/gems/actionpack-4.0.0/lib/action_dispatch/middleware/templates/rescues/template_error.erb within rescues/layout (22.3ms)


Started GET "/" for 10.0.2.2 at 2016-02-29 19:14:33 +0000
  [1m[36mActiveRecord::SchemaMigration Load (3.8ms)[0m  [1mSELECT "schema_migrations".* FROM "schema_migrations"[0m
Processing by Rails::WelcomeController#index as HTML
  Rendered /usr/local/rvm/gems/ruby-2.1.3/gems/railties-4.0.0/lib/rails/templates/rails/welcome/index.html.erb (13.1ms)
Completed 200 OK in 118ms (Views: 60.8ms | ActiveRecord: 0.0ms)


Started GET "/posts" for 10.0.2.2 at 2016-02-29 19:14:39 +0000
Processing by PostsController#index as HTML
  [1m[35mPost Load (3.4ms)[0m  SELECT "posts".* FROM "posts"
  Rendered posts/index.html.erb within layouts/application (49.9ms)
Completed 200 OK in 496ms (Views: 451.1ms | ActiveRecord: 6.4ms)


Started GET "/assets/application.css?body=1" for 10.0.2.2 at 2016-02-29 19:14:40 +0000


Started GET "/assets/jquery.js?body=1" for 10.0.2.2 at 2016-02-29 19:14:40 +0000


Started GET "/assets/application.js?body=1" for 10.0.2.2 at 2016-02-29 19:14:40 +0000


Started GET "/assets/turbolinks.js?body=1" for 10.0.2.2 at 2016-02-29 19:14:40 +0000


Started GET "/assets/jquery_ujs.js?body=1" for 10.0.2.2 at 2016-02-29 19:14:41 +0000


Started GET "/posts/new" for 10.0.2.2 at 2016-02-29 19:14:45 +0000
Processing by PostsController#new as HTML
  Rendered posts/new.html.erb within layouts/application (87.8ms)
Completed 200 OK in 243ms (Views: 241.3ms | ActiveRecord: 0.0ms)


Started GET "/assets/application.css?body=1" for 10.0.2.2 at 2016-02-29 19:14:45 +0000


Started GET "/assets/jquery.js?body=1" for 10.0.2.2 at 2016-02-29 19:14:45 +0000


Started GET "/assets/jquery_ujs.js?body=1" for 10.0.2.2 at 2016-02-29 19:14:45 +0000


Started GET "/assets/turbolinks.js?body=1" for 10.0.2.2 at 2016-02-29 19:14:45 +0000


Started GET "/assets/application.js?body=1" for 10.0.2.2 at 2016-02-29 19:14:46 +0000


Started POST "/posts" for 10.0.2.2 at 2016-02-29 19:15:37 +0000

AbstractController::ActionNotFound (The action 'create' could not be found for PostsController):
  actionpack (4.0.0) lib/abstract_controller/base.rb:131:in `process'
  actionpack (4.0.0) lib/abstract_controller/rendering.rb:44:in `process'
  actionpack (4.0.0) lib/action_controller/metal.rb:195:in `dispatch'
  actionpack (4.0.0) lib/action_controller/metal/rack_delegation.rb:13:in `dispatch'
  actionpack (4.0.0) lib/action_controller/metal.rb:231:in `block in action'
  actionpack (4.0.0) lib/action_dispatch/routing/route_set.rb:80:in `call'
  actionpack (4.0.0) lib/action_dispatch/routing/route_set.rb:80:in `dispatch'
  actionpack (4.0.0) lib/action_dispatch/routing/route_set.rb:48:in `call'
  actionpack (4.0.0) lib/action_dispatch/journey/router.rb:71:in `block in call'
  actionpack (4.0.0) lib/action_dispatch/journey/router.rb:59:in `each'
  actionpack (4.0.0) lib/action_dispatch/journey/router.rb:59:in `call'
  actionpack (4.0.0) lib/action_dispatch/routing/route_set.rb:655:in `call'
  rack (1.5.5) lib/rack/etag.rb:23:in `call'
  rack (1.5.5) lib/rack/conditionalget.rb:35:in `call'
  rack (1.5.5) lib/rack/head.rb:11:in `call'
  actionpack (4.0.0) lib/action_dispatch/middleware/params_parser.rb:27:in `call'
  actionpack (4.0.0) lib/action_dispatch/middleware/flash.rb:241:in `call'
  rack (1.5.5) lib/rack/session/abstract/id.rb:225:in `context'
  rack (1.5.5) lib/rack/session/abstract/id.rb:220:in `call'
  actionpack (4.0.0) lib/action_dispatch/middleware/cookies.rb:486:in `call'
  activerecord (4.0.0) lib/active_record/query_cache.rb:36:in `call'
  activerecord (4.0.0) lib/active_record/connection_adapters/abstract/connection_pool.rb:626:in `call'
  activerecord (4.0.0) lib/active_record/migration.rb:369:in `call'
  actionpack (4.0.0) lib/action_dispatch/middleware/callbacks.rb:29:in `block in call'
  activesupport (4.0.0) lib/active_support/callbacks.rb:373:in `_run__243676284__call__callbacks'
  activesupport (4.0.0) lib/active_support/callbacks.rb:80:in `run_callbacks'
  actionpack (4.0.0) lib/action_dispatch/middleware/callbacks.rb:27:in `call'
  actionpack (4.0.0) lib/action_dispatch/middleware/reloader.rb:64:in `call'
  actionpack (4.0.0) lib/action_dispatch/middleware/remote_ip.rb:76:in `call'
  actionpack (4.0.0) lib/action_dispatch/middleware/debug_exceptions.rb:17:in `call'
  actionpack (4.0.0) lib/action_dispatch/middleware/show_exceptions.rb:30:in `call'
  railties (4.0.0) lib/rails/rack/logger.rb:38:in `call_app'
  railties (4.0.0) lib/rails/rack/logger.rb:21:in `block in call'
  activesupport (4.0.0) lib/active_support/tagged_logging.rb:67:in `block in tagged'
  activesupport (4.0.0) lib/active_support/tagged_logging.rb:25:in `tagged'
  activesupport (4.0.0) lib/active_support/tagged_logging.rb:67:in `tagged'
  railties (4.0.0) lib/rails/rack/logger.rb:21:in `call'
  actionpack (4.0.0) lib/action_dispatch/middleware/request_id.rb:21:in `call'
  rack (1.5.5) lib/rack/methodoverride.rb:21:in `call'
  rack (1.5.5) lib/rack/runtime.rb:17:in `call'
  activesupport (4.0.0) lib/active_support/cache/strategy/local_cache.rb:83:in `call'
  rack (1.5.5) lib/rack/lock.rb:17:in `call'
  actionpack (4.0.0) lib/action_dispatch/middleware/static.rb:64:in `call'
  railties (4.0.0) lib/rails/engine.rb:511:in `call'
  railties (4.0.0) lib/rails/application.rb:97:in `call'
  rack (1.5.5) lib/rack/lock.rb:17:in `call'
  rack (1.5.5) lib/rack/content_length.rb:14:in `call'
  rack (1.5.5) lib/rack/handler/webrick.rb:60:in `service'
  /usr/local/rvm/rubies/ruby-2.1.3/lib/ruby/2.1.0/webrick/httpserver.rb:138:in `service'
  /usr/local/rvm/rubies/ruby-2.1.3/lib/ruby/2.1.0/webrick/httpserver.rb:94:in `run'
  /usr/local/rvm/rubies/ruby-2.1.3/lib/ruby/2.1.0/webrick/server.rb:295:in `block in start_thread'


  Rendered /usr/local/rvm/gems/ruby-2.1.3/gems/actionpack-4.0.0/lib/action_dispatch/middleware/templates/rescues/unknown_action.erb within rescues/layout (0.9ms)


Started POST "/posts" for 10.0.2.2 at 2016-02-29 19:19:22 +0000

AbstractController::ActionNotFound (The action 'create' could not be found for PostsController):
  actionpack (4.0.0) lib/abstract_controller/base.rb:131:in `process'
  actionpack (4.0.0) lib/abstract_controller/rendering.rb:44:in `process'
  actionpack (4.0.0) lib/action_controller/metal.rb:195:in `dispatch'
  actionpack (4.0.0) lib/action_controller/metal/rack_delegation.rb:13:in `dispatch'
  actionpack (4.0.0) lib/action_controller/metal.rb:231:in `block in action'
  actionpack (4.0.0) lib/action_dispatch/routing/route_set.rb:80:in `call'
  actionpack (4.0.0) lib/action_dispatch/routing/route_set.rb:80:in `dispatch'
  actionpack (4.0.0) lib/action_dispatch/routing/route_set.rb:48:in `call'
  actionpack (4.0.0) lib/action_dispatch/journey/router.rb:71:in `block in call'
  actionpack (4.0.0) lib/action_dispatch/journey/router.rb:59:in `each'
  actionpack (4.0.0) lib/action_dispatch/journey/router.rb:59:in `call'
  actionpack (4.0.0) lib/action_dispatch/routing/route_set.rb:655:in `call'
  rack (1.5.5) lib/rack/etag.rb:23:in `call'
  rack (1.5.5) lib/rack/conditionalget.rb:35:in `call'
  rack (1.5.5) lib/rack/head.rb:11:in `call'
  actionpack (4.0.0) lib/action_dispatch/middleware/params_parser.rb:27:in `call'
  actionpack (4.0.0) lib/action_dispatch/middleware/flash.rb:241:in `call'
  rack (1.5.5) lib/rack/session/abstract/id.rb:225:in `context'
  rack (1.5.5) lib/rack/session/abstract/id.rb:220:in `call'
  actionpack (4.0.0) lib/action_dispatch/middleware/cookies.rb:486:in `call'
  activerecord (4.0.0) lib/active_record/query_cache.rb:36:in `call'
  activerecord (4.0.0) lib/active_record/connection_adapters/abstract/connection_pool.rb:626:in `call'
  activerecord (4.0.0) lib/active_record/migration.rb:369:in `call'
  actionpack (4.0.0) lib/action_dispatch/middleware/callbacks.rb:29:in `block in call'
  activesupport (4.0.0) lib/active_support/callbacks.rb:373:in `_run__243676284__call__callbacks'
  activesupport (4.0.0) lib/active_support/callbacks.rb:80:in `run_callbacks'
  actionpack (4.0.0) lib/action_dispatch/middleware/callbacks.rb:27:in `call'
  actionpack (4.0.0) lib/action_dispatch/middleware/reloader.rb:64:in `call'
  actionpack (4.0.0) lib/action_dispatch/middleware/remote_ip.rb:76:in `call'
  actionpack (4.0.0) lib/action_dispatch/middleware/debug_exceptions.rb:17:in `call'
  actionpack (4.0.0) lib/action_dispatch/middleware/show_exceptions.rb:30:in `call'
  railties (4.0.0) lib/rails/rack/logger.rb:38:in `call_app'
  railties (4.0.0) lib/rails/rack/logger.rb:21:in `block in call'
  activesupport (4.0.0) lib/active_support/tagged_logging.rb:67:in `block in tagged'
  activesupport (4.0.0) lib/active_support/tagged_logging.rb:25:in `tagged'
  activesupport (4.0.0) lib/active_support/tagged_logging.rb:67:in `tagged'
  railties (4.0.0) lib/rails/rack/logger.rb:21:in `call'
  actionpack (4.0.0) lib/action_dispatch/middleware/request_id.rb:21:in `call'
  rack (1.5.5) lib/rack/methodoverride.rb:21:in `call'
  rack (1.5.5) lib/rack/runtime.rb:17:in `call'
  activesupport (4.0.0) lib/active_support/cache/strategy/local_cache.rb:83:in `call'
  rack (1.5.5) lib/rack/lock.rb:17:in `call'
  actionpack (4.0.0) lib/action_dispatch/middleware/static.rb:64:in `call'
  railties (4.0.0) lib/rails/engine.rb:511:in `call'
  railties (4.0.0) lib/rails/application.rb:97:in `call'
  rack (1.5.5) lib/rack/lock.rb:17:in `call'
  rack (1.5.5) lib/rack/content_length.rb:14:in `call'
  rack (1.5.5) lib/rack/handler/webrick.rb:60:in `service'
  /usr/local/rvm/rubies/ruby-2.1.3/lib/ruby/2.1.0/webrick/httpserver.rb:138:in `service'
  /usr/local/rvm/rubies/ruby-2.1.3/lib/ruby/2.1.0/webrick/httpserver.rb:94:in `run'
  /usr/local/rvm/rubies/ruby-2.1.3/lib/ruby/2.1.0/webrick/server.rb:295:in `block in start_thread'


  Rendered /usr/local/rvm/gems/ruby-2.1.3/gems/actionpack-4.0.0/lib/action_dispatch/middleware/templates/rescues/unknown_action.erb within rescues/layout (0.7ms)


Started GET "/posts/new" for 10.0.2.2 at 2016-02-29 19:19:24 +0000
Processing by PostsController#new as HTML
  Rendered posts/new.html.erb within layouts/application (6.7ms)
Completed 200 OK in 167ms (Views: 165.2ms | ActiveRecord: 0.0ms)


Started GET "/assets/application.css?body=1" for 10.0.2.2 at 2016-02-29 19:19:25 +0000


Started GET "/assets/jquery.js?body=1" for 10.0.2.2 at 2016-02-29 19:19:25 +0000


Started GET "/assets/application.js?body=1" for 10.0.2.2 at 2016-02-29 19:19:25 +0000


Started GET "/assets/turbolinks.js?body=1" for 10.0.2.2 at 2016-02-29 19:19:25 +0000


Started GET "/assets/jquery_ujs.js?body=1" for 10.0.2.2 at 2016-02-29 19:19:25 +0000


Started POST "/posts" for 10.0.2.2 at 2016-02-29 19:20:16 +0000

AbstractController::ActionNotFound (The action 'create' could not be found for PostsController):
  actionpack (4.0.0) lib/abstract_controller/base.rb:131:in `process'
  actionpack (4.0.0) lib/abstract_controller/rendering.rb:44:in `process'
  actionpack (4.0.0) lib/action_controller/metal.rb:195:in `dispatch'
  actionpack (4.0.0) lib/action_controller/metal/rack_delegation.rb:13:in `dispatch'
  actionpack (4.0.0) lib/action_controller/metal.rb:231:in `block in action'
  actionpack (4.0.0) lib/action_dispatch/routing/route_set.rb:80:in `call'
  actionpack (4.0.0) lib/action_dispatch/routing/route_set.rb:80:in `dispatch'
  actionpack (4.0.0) lib/action_dispatch/routing/route_set.rb:48:in `call'
  actionpack (4.0.0) lib/action_dispatch/journey/router.rb:71:in `block in call'
  actionpack (4.0.0) lib/action_dispatch/journey/router.rb:59:in `each'
  actionpack (4.0.0) lib/action_dispatch/journey/router.rb:59:in `call'
  actionpack (4.0.0) lib/action_dispatch/routing/route_set.rb:655:in `call'
  rack (1.5.5) lib/rack/etag.rb:23:in `call'
  rack (1.5.5) lib/rack/conditionalget.rb:35:in `call'
  rack (1.5.5) lib/rack/head.rb:11:in `call'
  actionpack (4.0.0) lib/action_dispatch/middleware/params_parser.rb:27:in `call'
  actionpack (4.0.0) lib/action_dispatch/middleware/flash.rb:241:in `call'
  rack (1.5.5) lib/rack/session/abstract/id.rb:225:in `context'
  rack (1.5.5) lib/rack/session/abstract/id.rb:220:in `call'
  actionpack (4.0.0) lib/action_dispatch/middleware/cookies.rb:486:in `call'
  activerecord (4.0.0) lib/active_record/query_cache.rb:36:in `call'
  activerecord (4.0.0) lib/active_record/connection_adapters/abstract/connection_pool.rb:626:in `call'
  activerecord (4.0.0) lib/active_record/migration.rb:369:in `call'
  actionpack (4.0.0) lib/action_dispatch/middleware/callbacks.rb:29:in `block in call'
  activesupport (4.0.0) lib/active_support/callbacks.rb:373:in `_run__243676284__call__callbacks'
  activesupport (4.0.0) lib/active_support/callbacks.rb:80:in `run_callbacks'
  actionpack (4.0.0) lib/action_dispatch/middleware/callbacks.rb:27:in `call'
  actionpack (4.0.0) lib/action_dispatch/middleware/reloader.rb:64:in `call'
  actionpack (4.0.0) lib/action_dispatch/middleware/remote_ip.rb:76:in `call'
  actionpack (4.0.0) lib/action_dispatch/middleware/debug_exceptions.rb:17:in `call'
  actionpack (4.0.0) lib/action_dispatch/middleware/show_exceptions.rb:30:in `call'
  railties (4.0.0) lib/rails/rack/logger.rb:38:in `call_app'
  railties (4.0.0) lib/rails/rack/logger.rb:21:in `block in call'
  activesupport (4.0.0) lib/active_support/tagged_logging.rb:67:in `block in tagged'
  activesupport (4.0.0) lib/active_support/tagged_logging.rb:25:in `tagged'
  activesupport (4.0.0) lib/active_support/tagged_logging.rb:67:in `tagged'
  railties (4.0.0) lib/rails/rack/logger.rb:21:in `call'
  actionpack (4.0.0) lib/action_dispatch/middleware/request_id.rb:21:in `call'
  rack (1.5.5) lib/rack/methodoverride.rb:21:in `call'
  rack (1.5.5) lib/rack/runtime.rb:17:in `call'
  activesupport (4.0.0) lib/active_support/cache/strategy/local_cache.rb:83:in `call'
  rack (1.5.5) lib/rack/lock.rb:17:in `call'
  actionpack (4.0.0) lib/action_dispatch/middleware/static.rb:64:in `call'
  railties (4.0.0) lib/rails/engine.rb:511:in `call'
  railties (4.0.0) lib/rails/application.rb:97:in `call'
  rack (1.5.5) lib/rack/lock.rb:17:in `call'
  rack (1.5.5) lib/rack/content_length.rb:14:in `call'
  rack (1.5.5) lib/rack/handler/webrick.rb:60:in `service'
  /usr/local/rvm/rubies/ruby-2.1.3/lib/ruby/2.1.0/webrick/httpserver.rb:138:in `service'
  /usr/local/rvm/rubies/ruby-2.1.3/lib/ruby/2.1.0/webrick/httpserver.rb:94:in `run'
  /usr/local/rvm/rubies/ruby-2.1.3/lib/ruby/2.1.0/webrick/server.rb:295:in `block in start_thread'


  Rendered /usr/local/rvm/gems/ruby-2.1.3/gems/actionpack-4.0.0/lib/action_dispatch/middleware/templates/rescues/unknown_action.erb within rescues/layout (0.9ms)


Started GET "/posts/new" for 10.0.2.2 at 2016-02-29 19:20:23 +0000
Processing by PostsController#new as HTML
  Rendered posts/new.html.erb within layouts/application (3.9ms)
Completed 200 OK in 167ms (Views: 165.3ms | ActiveRecord: 0.0ms)


Started GET "/assets/application.css?body=1" for 10.0.2.2 at 2016-02-29 19:20:23 +0000


Started GET "/assets/application.js?body=1" for 10.0.2.2 at 2016-02-29 19:20:23 +0000


Started GET "/assets/turbolinks.js?body=1" for 10.0.2.2 at 2016-02-29 19:20:23 +0000


Started GET "/assets/jquery_ujs.js?body=1" for 10.0.2.2 at 2016-02-29 19:20:23 +0000


Started GET "/assets/jquery.js?body=1" for 10.0.2.2 at 2016-02-29 19:20:23 +0000


Started POST "/posts" for 10.0.2.2 at 2016-02-29 19:20:46 +0000
  [1m[36mActiveRecord::SchemaMigration Load (2.9ms)[0m  [1mSELECT "schema_migrations".* FROM "schema_migrations"[0m
Processing by PostsController#create as HTML
  Parameters: {"utf8"=>"✓", "authenticity_token"=>"VoqTylP+2Uwz1Eck3BhrPSvFIccXWYCvM25LtzqmCAY=", "post"=>{"title"=>"Chocolate god?", "author"=>"Trevor", "text"=>"Nougat?"}, "commit"=>"Save"}
  [1m[35m (0.2ms)[0m  begin transaction
  [1m[36mSQL (38.5ms)[0m  [1mINSERT INTO "posts" ("author", "created_at", "text", "title", "updated_at") VALUES (?, ?, ?, ?, ?)[0m  [["author", "Trevor"], ["created_at", Mon, 29 Feb 2016 19:20:48 UTC +00:00], ["text", "Nougat?"], ["title", "Chocolate god?"], ["updated_at", Mon, 29 Feb 2016 19:20:48 UTC +00:00]]
  [1m[35m (5.4ms)[0m  commit transaction
Redirected to http://localhost:3000/posts
Completed 302 Found in 193ms (ActiveRecord: 47.3ms)


Started GET "/posts" for 10.0.2.2 at 2016-02-29 19:20:48 +0000
Processing by PostsController#index as HTML
  [1m[36mPost Load (3.0ms)[0m  [1mSELECT "posts".* FROM "posts"[0m
  Rendered posts/index.html.erb within layouts/application (20.4ms)
Completed 200 OK in 460ms (Views: 455.3ms | ActiveRecord: 3.0ms)


Started GET "/assets/application.css?body=1" for 10.0.2.2 at 2016-02-29 19:20:49 +0000


Started GET "/assets/jquery.js?body=1" for 10.0.2.2 at 2016-02-29 19:20:49 +0000


Started GET "/assets/application.js?body=1" for 10.0.2.2 at 2016-02-29 19:20:49 +0000


Started GET "/assets/turbolinks.js?body=1" for 10.0.2.2 at 2016-02-29 19:20:49 +0000


Started GET "/assets/jquery_ujs.js?body=1" for 10.0.2.2 at 2016-02-29 19:20:49 +0000


Started GET "/posts" for 10.0.2.2 at 2016-02-29 19:48:54 +0000
  [1m[36mActiveRecord::SchemaMigration Load (3.1ms)[0m  [1mSELECT "schema_migrations".* FROM "schema_migrations"[0m
Processing by PostsController#index as HTML
ERROR: compiling _app_views_posts_index_html_erb__1049243566_91645730 RAISED /vagrant/w5/lighthouse_forum/app/views/posts/index.html.erb:6: syntax error, unexpected ')', expecting :: or '[' or '.'
...( post.title, post_path(post) );@output_buffer.safe_append='...
...                               ^
/vagrant/w5/lighthouse_forum/app/views/posts/index.html.erb:9: syntax error, unexpected keyword_end, expecting ')'
'; end ;@output_buffer.to_s
      ^
/vagrant/w5/lighthouse_forum/app/views/posts/index.html.erb:10: syntax error, unexpected keyword_ensure, expecting ')'
/vagrant/w5/lighthouse_forum/app/views/posts/index.html.erb:12: syntax error, unexpected keyword_end, expecting ')'
Function body:           def _app_views_posts_index_html_erb__1049243566_91645730(local_assigns, output_buffer)
            _old_virtual_path, @virtual_path = @virtual_path, "posts/index";_old_output_buffer = @output_buffer;;@output_buffer = output_buffer || ActionView::OutputBuffer.new;@output_buffer.safe_append='<h1>Lighthouse Forum</h1>
<hr>
';@output_buffer.append=( Link_to "Create a post!", new_post_path );@output_buffer.safe_append='
<hr>
'; @posts.each do |post| 
@output_buffer.safe_append='  <h2>';@output_buffer.append=( post.title, post_path(post) );@output_buffer.safe_append='</h2>
  <p>';@output_buffer.append=( post.text );@output_buffer.safe_append='</p>
  <small>- ';@output_buffer.append=( post.author );@output_buffer.safe_append='</small>
'; end ;@output_buffer.to_s
          ensure
            @virtual_path, @output_buffer = _old_virtual_path, _old_output_buffer
          end

Backtrace: /usr/local/rvm/gems/ruby-2.1.3/gems/actionpack-4.0.0/lib/action_view/template.rb:299:in `module_eval'
/usr/local/rvm/gems/ruby-2.1.3/gems/actionpack-4.0.0/lib/action_view/template.rb:299:in `compile'
/usr/local/rvm/gems/ruby-2.1.3/gems/actionpack-4.0.0/lib/action_view/template.rb:248:in `block in compile!'
/usr/local/rvm/gems/ruby-2.1.3/gems/actionpack-4.0.0/lib/action_view/template.rb:236:in `synchronize'
/usr/local/rvm/gems/ruby-2.1.3/gems/actionpack-4.0.0/lib/action_view/template.rb:236:in `compile!'
/usr/local/rvm/gems/ruby-2.1.3/gems/actionpack-4.0.0/lib/action_view/template.rb:142:in `block in render'
/usr/local/rvm/gems/ruby-2.1.3/gems/activesupport-4.0.0/lib/active_support/notifications.rb:161:in `instrument'
/usr/local/rvm/gems/ruby-2.1.3/gems/actionpack-4.0.0/lib/action_view/template.rb:141:in `render'
/usr/local/rvm/gems/ruby-2.1.3/gems/actionpack-4.0.0/lib/action_view/renderer/template_renderer.rb:49:in `block (2 levels) in render_template'
/usr/local/rvm/gems/ruby-2.1.3/gems/actionpack-4.0.0/lib/action_view/renderer/abstract_renderer.rb:38:in `block in instrument'
/usr/local/rvm/gems/ruby-2.1.3/gems/activesupport-4.0.0/lib/active_support/notifications.rb:159:in `block in instrument'
/usr/local/rvm/gems/ruby-2.1.3/gems/activesupport-4.0.0/lib/active_support/notifications/instrumenter.rb:20:in `instrument'
/usr/local/rvm/gems/ruby-2.1.3/gems/activesupport-4.0.0/lib/active_support/notifications.rb:159:in `instrument'
/usr/local/rvm/gems/ruby-2.1.3/gems/actionpack-4.0.0/lib/action_view/renderer/abstract_renderer.rb:38:in `instrument'
/usr/local/rvm/gems/ruby-2.1.3/gems/actionpack-4.0.0/lib/action_view/renderer/template_renderer.rb:48:in `block in render_template'
/usr/local/rvm/gems/ruby-2.1.3/gems/actionpack-4.0.0/lib/action_view/renderer/template_renderer.rb:56:in `render_with_layout'
/usr/local/rvm/gems/ruby-2.1.3/gems/actionpack-4.0.0/lib/action_view/renderer/template_renderer.rb:47:in `render_template'
/usr/local/rvm/gems/ruby-2.1.3/gems/actionpack-4.0.0/lib/action_view/renderer/template_renderer.rb:17:in `render'
/usr/local/rvm/gems/ruby-2.1.3/gems/actionpack-4.0.0/lib/action_view/renderer/renderer.rb:42:in `render_template'
/usr/local/rvm/gems/ruby-2.1.3/gems/actionpack-4.0.0/lib/action_view/renderer/renderer.rb:23:in `render'
/usr/local/rvm/gems/ruby-2.1.3/gems/actionpack-4.0.0/lib/abstract_controller/rendering.rb:127:in `_render_template'
/usr/local/rvm/gems/ruby-2.1.3/gems/actionpack-4.0.0/lib/action_controller/metal/streaming.rb:219:in `_render_template'
/usr/local/rvm/gems/ruby-2.1.3/gems/actionpack-4.0.0/lib/abstract_controller/rendering.rb:120:in `render_to_body'
/usr/local/rvm/gems/ruby-2.1.3/gems/actionpack-4.0.0/lib/action_controller/metal/rendering.rb:33:in `render_to_body'
/usr/local/rvm/gems/ruby-2.1.3/gems/actionpack-4.0.0/lib/action_controller/metal/renderers.rb:26:in `render_to_body'
/usr/local/rvm/gems/ruby-2.1.3/gems/actionpack-4.0.0/lib/abstract_controller/rendering.rb:97:in `render'
/usr/local/rvm/gems/ruby-2.1.3/gems/actionpack-4.0.0/lib/action_controller/metal/rendering.rb:16:in `render'
/usr/local/rvm/gems/ruby-2.1.3/gems/actionpack-4.0.0/lib/action_controller/metal/instrumentation.rb:41:in `block (2 levels) in render'
/usr/local/rvm/gems/ruby-2.1.3/gems/activesupport-4.0.0/lib/active_support/core_ext/benchmark.rb:12:in `block in ms'
/usr/local/rvm/rubies/ruby-2.1.3/lib/ruby/2.1.0/benchmark.rb:294:in `realtime'
/usr/local/rvm/gems/ruby-2.1.3/gems/activesupport-4.0.0/lib/active_support/core_ext/benchmark.rb:12:in `ms'
/usr/local/rvm/gems/ruby-2.1.3/gems/actionpack-4.0.0/lib/action_controller/metal/instrumentation.rb:41:in `block in render'
/usr/local/rvm/gems/ruby-2.1.3/gems/actionpack-4.0.0/lib/action_controller/metal/instrumentation.rb:84:in `cleanup_view_runtime'
/usr/local/rvm/gems/ruby-2.1.3/gems/activerecord-4.0.0/lib/active_record/railties/controller_runtime.rb:25:in `cleanup_view_runtime'
/usr/local/rvm/gems/ruby-2.1.3/gems/actionpack-4.0.0/lib/action_controller/metal/instrumentation.rb:40:in `render'
/usr/local/rvm/gems/ruby-2.1.3/gems/actionpack-4.0.0/lib/action_controller/metal/implicit_render.rb:10:in `default_render'
/usr/local/rvm/gems/ruby-2.1.3/gems/actionpack-4.0.0/lib/action_controller/metal/implicit_render.rb:5:in `send_action'
/usr/local/rvm/gems/ruby-2.1.3/gems/actionpack-4.0.0/lib/abstract_controller/base.rb:189:in `process_action'
/usr/local/rvm/gems/ruby-2.1.3/gems/actionpack-4.0.0/lib/action_controller/metal/rendering.rb:10:in `process_action'
/usr/local/rvm/gems/ruby-2.1.3/gems/actionpack-4.0.0/lib/abstract_controller/callbacks.rb:18:in `block in process_action'
/usr/local/rvm/gems/ruby-2.1.3/gems/activesupport-4.0.0/lib/active_support/callbacks.rb:403:in `_run__721624182__process_action__callbacks'
/usr/local/rvm/gems/ruby-2.1.3/gems/activesupport-4.0.0/lib/active_support/callbacks.rb:80:in `run_callbacks'
/usr/local/rvm/gems/ruby-2.1.3/gems/actionpack-4.0.0/lib/abstract_controller/callbacks.rb:17:in `process_action'
/usr/local/rvm/gems/ruby-2.1.3/gems/actionpack-4.0.0/lib/action_controller/metal/rescue.rb:29:in `process_action'
/usr/local/rvm/gems/ruby-2.1.3/gems/actionpack-4.0.0/lib/action_controller/metal/instrumentation.rb:31:in `block in process_action'
/usr/local/rvm/gems/ruby-2.1.3/gems/activesupport-4.0.0/lib/active_support/notifications.rb:159:in `block in instrument'
/usr/local/rvm/gems/ruby-2.1.3/gems/activesupport-4.0.0/lib/active_support/notifications/instrumenter.rb:20:in `instrument'
/usr/local/rvm/gems/ruby-2.1.3/gems/activesupport-4.0.0/lib/active_support/notifications.rb:159:in `instrument'
/usr/local/rvm/gems/ruby-2.1.3/gems/actionpack-4.0.0/lib/action_controller/metal/instrumentation.rb:30:in `process_action'
/usr/local/rvm/gems/ruby-2.1.3/gems/actionpack-4.0.0/lib/action_controller/metal/params_wrapper.rb:245:in `process_action'
/usr/local/rvm/gems/ruby-2.1.3/gems/activerecord-4.0.0/lib/active_record/railties/controller_runtime.rb:18:in `process_action'
/usr/local/rvm/gems/ruby-2.1.3/gems/actionpack-4.0.0/lib/abstract_controller/base.rb:136:in `process'
/usr/local/rvm/gems/ruby-2.1.3/gems/actionpack-4.0.0/lib/abstract_controller/rendering.rb:44:in `process'
/usr/local/rvm/gems/ruby-2.1.3/gems/actionpack-4.0.0/lib/action_controller/metal.rb:195:in `dispatch'
/usr/local/rvm/gems/ruby-2.1.3/gems/actionpack-4.0.0/lib/action_controller/metal/rack_delegation.rb:13:in `dispatch'
/usr/local/rvm/gems/ruby-2.1.3/gems/actionpack-4.0.0/lib/action_controller/metal.rb:231:in `block in action'
/usr/local/rvm/gems/ruby-2.1.3/gems/actionpack-4.0.0/lib/action_dispatch/routing/route_set.rb:80:in `call'
/usr/local/rvm/gems/ruby-2.1.3/gems/actionpack-4.0.0/lib/action_dispatch/routing/route_set.rb:80:in `dispatch'
/usr/local/rvm/gems/ruby-2.1.3/gems/actionpack-4.0.0/lib/action_dispatch/routing/route_set.rb:48:in `call'
/usr/local/rvm/gems/ruby-2.1.3/gems/actionpack-4.0.0/lib/action_dispatch/journey/router.rb:71:in `block in call'
/usr/local/rvm/gems/ruby-2.1.3/gems/actionpack-4.0.0/lib/action_dispatch/journey/router.rb:59:in `each'
/usr/local/rvm/gems/ruby-2.1.3/gems/actionpack-4.0.0/lib/action_dispatch/journey/router.rb:59:in `call'
/usr/local/rvm/gems/ruby-2.1.3/gems/actionpack-4.0.0/lib/action_dispatch/routing/route_set.rb:655:in `call'
/usr/local/rvm/gems/ruby-2.1.3/gems/rack-1.5.5/lib/rack/etag.rb:23:in `call'
/usr/local/rvm/gems/ruby-2.1.3/gems/rack-1.5.5/lib/rack/conditionalget.rb:25:in `call'
/usr/local/rvm/gems/ruby-2.1.3/gems/rack-1.5.5/lib/rack/head.rb:11:in `call'
/usr/local/rvm/gems/ruby-2.1.3/gems/actionpack-4.0.0/lib/action_dispatch/middleware/params_parser.rb:27:in `call'
/usr/local/rvm/gems/ruby-2.1.3/gems/actionpack-4.0.0/lib/action_dispatch/middleware/flash.rb:241:in `call'
/usr/local/rvm/gems/ruby-2.1.3/gems/rack-1.5.5/lib/rack/session/abstract/id.rb:225:in `context'
/usr/local/rvm/gems/ruby-2.1.3/gems/rack-1.5.5/lib/rack/session/abstract/id.rb:220:in `call'
/usr/local/rvm/gems/ruby-2.1.3/gems/actionpack-4.0.0/lib/action_dispatch/middleware/cookies.rb:486:in `call'
/usr/local/rvm/gems/ruby-2.1.3/gems/activerecord-4.0.0/lib/active_record/query_cache.rb:36:in `call'
/usr/local/rvm/gems/ruby-2.1.3/gems/activerecord-4.0.0/lib/active_record/connection_adapters/abstract/connection_pool.rb:626:in `call'
/usr/local/rvm/gems/ruby-2.1.3/gems/activerecord-4.0.0/lib/active_record/migration.rb:369:in `call'
/usr/local/rvm/gems/ruby-2.1.3/gems/actionpack-4.0.0/lib/action_dispatch/middleware/callbacks.rb:29:in `block in call'
/usr/local/rvm/gems/ruby-2.1.3/gems/activesupport-4.0.0/lib/active_support/callbacks.rb:373:in `_run__642031546__call__callbacks'
/usr/local/rvm/gems/ruby-2.1.3/gems/activesupport-4.0.0/lib/active_support/callbacks.rb:80:in `run_callbacks'
/usr/local/rvm/gems/ruby-2.1.3/gems/actionpack-4.0.0/lib/action_dispatch/middleware/callbacks.rb:27:in `call'
/usr/local/rvm/gems/ruby-2.1.3/gems/actionpack-4.0.0/lib/action_dispatch/middleware/reloader.rb:64:in `call'
/usr/local/rvm/gems/ruby-2.1.3/gems/actionpack-4.0.0/lib/action_dispatch/middleware/remote_ip.rb:76:in `call'
/usr/local/rvm/gems/ruby-2.1.3/gems/actionpack-4.0.0/lib/action_dispatch/middleware/debug_exceptions.rb:17:in `call'
/usr/local/rvm/gems/ruby-2.1.3/gems/actionpack-4.0.0/lib/action_dispatch/middleware/show_exceptions.rb:30:in `call'
/usr/local/rvm/gems/ruby-2.1.3/gems/railties-4.0.0/lib/rails/rack/logger.rb:38:in `call_app'
/usr/local/rvm/gems/ruby-2.1.3/gems/railties-4.0.0/lib/rails/rack/logger.rb:21:in `block in call'
/usr/local/rvm/gems/ruby-2.1.3/gems/activesupport-4.0.0/lib/active_support/tagged_logging.rb:67:in `block in tagged'
/usr/local/rvm/gems/ruby-2.1.3/gems/activesupport-4.0.0/lib/active_support/tagged_logging.rb:25:in `tagged'
/usr/local/rvm/gems/ruby-2.1.3/gems/activesupport-4.0.0/lib/active_support/tagged_logging.rb:67:in `tagged'
/usr/local/rvm/gems/ruby-2.1.3/gems/railties-4.0.0/lib/rails/rack/logger.rb:21:in `call'
/usr/local/rvm/gems/ruby-2.1.3/gems/actionpack-4.0.0/lib/action_dispatch/middleware/request_id.rb:21:in `call'
/usr/local/rvm/gems/ruby-2.1.3/gems/rack-1.5.5/lib/rack/methodoverride.rb:21:in `call'
/usr/local/rvm/gems/ruby-2.1.3/gems/rack-1.5.5/lib/rack/runtime.rb:17:in `call'
/usr/local/rvm/gems/ruby-2.1.3/gems/activesupport-4.0.0/lib/active_support/cache/strategy/local_cache.rb:83:in `call'
/usr/local/rvm/gems/ruby-2.1.3/gems/rack-1.5.5/lib/rack/lock.rb:17:in `call'
/usr/local/rvm/gems/ruby-2.1.3/gems/actionpack-4.0.0/lib/action_dispatch/middleware/static.rb:64:in `call'
/usr/local/rvm/gems/ruby-2.1.3/gems/railties-4.0.0/lib/rails/engine.rb:511:in `call'
/usr/local/rvm/gems/ruby-2.1.3/gems/railties-4.0.0/lib/rails/application.rb:97:in `call'
/usr/local/rvm/gems/ruby-2.1.3/gems/rack-1.5.5/lib/rack/lock.rb:17:in `call'
/usr/local/rvm/gems/ruby-2.1.3/gems/rack-1.5.5/lib/rack/content_length.rb:14:in `call'
/usr/local/rvm/gems/ruby-2.1.3/gems/rack-1.5.5/lib/rack/handler/webrick.rb:60:in `service'
/usr/local/rvm/rubies/ruby-2.1.3/lib/ruby/2.1.0/webrick/httpserver.rb:138:in `service'
/usr/local/rvm/rubies/ruby-2.1.3/lib/ruby/2.1.0/webrick/httpserver.rb:94:in `run'
/usr/local/rvm/rubies/ruby-2.1.3/lib/ruby/2.1.0/webrick/server.rb:295:in `block in start_thread'
  Rendered posts/index.html.erb within layouts/application (23.2ms)
Completed 500 Internal Server Error in 290ms

ActionView::Template::Error (/vagrant/w5/lighthouse_forum/app/views/posts/index.html.erb:6: syntax error, unexpected ')', expecting :: or '[' or '.'
...( post.title, post_path(post) );@output_buffer.safe_append='...
...                               ^
/vagrant/w5/lighthouse_forum/app/views/posts/index.html.erb:9: syntax error, unexpected keyword_end, expecting ')'
'; end ;@output_buffer.to_s
      ^
/vagrant/w5/lighthouse_forum/app/views/posts/index.html.erb:10: syntax error, unexpected keyword_ensure, expecting ')'
/vagrant/w5/lighthouse_forum/app/views/posts/index.html.erb:12: syntax error, unexpected keyword_end, expecting ')'):
    3: <%= Link_to "Create a post!", new_post_path %>
    4: <hr>
    5: <% @posts.each do |post| %>
    6:   <h2><%= post.title, post_path(post) %></h2>
    7:   <p><%= post.text %></p>
    8:   <small>- <%= post.author %></small>
    9: <% end %>
  actionpack (4.0.0) lib/action_view/template.rb:299:in `module_eval'
  actionpack (4.0.0) lib/action_view/template.rb:299:in `compile'
  actionpack (4.0.0) lib/action_view/template.rb:248:in `block in compile!'
  actionpack (4.0.0) lib/action_view/template.rb:236:in `synchronize'
  actionpack (4.0.0) lib/action_view/template.rb:236:in `compile!'
  actionpack (4.0.0) lib/action_view/template.rb:142:in `block in render'
  activesupport (4.0.0) lib/active_support/notifications.rb:161:in `instrument'
  actionpack (4.0.0) lib/action_view/template.rb:141:in `render'
  actionpack (4.0.0) lib/action_view/renderer/template_renderer.rb:49:in `block (2 levels) in render_template'
  actionpack (4.0.0) lib/action_view/renderer/abstract_renderer.rb:38:in `block in instrument'
  activesupport (4.0.0) lib/active_support/notifications.rb:159:in `block in instrument'
  activesupport (4.0.0) lib/active_support/notifications/instrumenter.rb:20:in `instrument'
  activesupport (4.0.0) lib/active_support/notifications.rb:159:in `instrument'
  actionpack (4.0.0) lib/action_view/renderer/abstract_renderer.rb:38:in `instrument'
  actionpack (4.0.0) lib/action_view/renderer/template_renderer.rb:48:in `block in render_template'
  actionpack (4.0.0) lib/action_view/renderer/template_renderer.rb:56:in `render_with_layout'
  actionpack (4.0.0) lib/action_view/renderer/template_renderer.rb:47:in `render_template'
  actionpack (4.0.0) lib/action_view/renderer/template_renderer.rb:17:in `render'
  actionpack (4.0.0) lib/action_view/renderer/renderer.rb:42:in `render_template'
  actionpack (4.0.0) lib/action_view/renderer/renderer.rb:23:in `render'
  actionpack (4.0.0) lib/abstract_controller/rendering.rb:127:in `_render_template'
  actionpack (4.0.0) lib/action_controller/metal/streaming.rb:219:in `_render_template'
  actionpack (4.0.0) lib/abstract_controller/rendering.rb:120:in `render_to_body'
  actionpack (4.0.0) lib/action_controller/metal/rendering.rb:33:in `render_to_body'
  actionpack (4.0.0) lib/action_controller/metal/renderers.rb:26:in `render_to_body'
  actionpack (4.0.0) lib/abstract_controller/rendering.rb:97:in `render'
  actionpack (4.0.0) lib/action_controller/metal/rendering.rb:16:in `render'
  actionpack (4.0.0) lib/action_controller/metal/instrumentation.rb:41:in `block (2 levels) in render'
  activesupport (4.0.0) lib/active_support/core_ext/benchmark.rb:12:in `block in ms'
  /usr/local/rvm/rubies/ruby-2.1.3/lib/ruby/2.1.0/benchmark.rb:294:in `realtime'
  activesupport (4.0.0) lib/active_support/core_ext/benchmark.rb:12:in `ms'
  actionpack (4.0.0) lib/action_controller/metal/instrumentation.rb:41:in `block in render'
  actionpack (4.0.0) lib/action_controller/metal/instrumentation.rb:84:in `cleanup_view_runtime'
  activerecord (4.0.0) lib/active_record/railties/controller_runtime.rb:25:in `cleanup_view_runtime'
  actionpack (4.0.0) lib/action_controller/metal/instrumentation.rb:40:in `render'
  actionpack (4.0.0) lib/action_controller/metal/implicit_render.rb:10:in `default_render'
  actionpack (4.0.0) lib/action_controller/metal/implicit_render.rb:5:in `send_action'
  actionpack (4.0.0) lib/abstract_controller/base.rb:189:in `process_action'
  actionpack (4.0.0) lib/action_controller/metal/rendering.rb:10:in `process_action'
  actionpack (4.0.0) lib/abstract_controller/callbacks.rb:18:in `block in process_action'
  activesupport (4.0.0) lib/active_support/callbacks.rb:403:in `_run__721624182__process_action__callbacks'
  activesupport (4.0.0) lib/active_support/callbacks.rb:80:in `run_callbacks'
  actionpack (4.0.0) lib/abstract_controller/callbacks.rb:17:in `process_action'
  actionpack (4.0.0) lib/action_controller/metal/rescue.rb:29:in `process_action'
  actionpack (4.0.0) lib/action_controller/metal/instrumentation.rb:31:in `block in process_action'
  activesupport (4.0.0) lib/active_support/notifications.rb:159:in `block in instrument'
  activesupport (4.0.0) lib/active_support/notifications/instrumenter.rb:20:in `instrument'
  activesupport (4.0.0) lib/active_support/notifications.rb:159:in `instrument'
  actionpack (4.0.0) lib/action_controller/metal/instrumentation.rb:30:in `process_action'
  actionpack (4.0.0) lib/action_controller/metal/params_wrapper.rb:245:in `process_action'
  activerecord (4.0.0) lib/active_record/railties/controller_runtime.rb:18:in `process_action'
  actionpack (4.0.0) lib/abstract_controller/base.rb:136:in `process'
  actionpack (4.0.0) lib/abstract_controller/rendering.rb:44:in `process'
  actionpack (4.0.0) lib/action_controller/metal.rb:195:in `dispatch'
  actionpack (4.0.0) lib/action_controller/metal/rack_delegation.rb:13:in `dispatch'
  actionpack (4.0.0) lib/action_controller/metal.rb:231:in `block in action'
  actionpack (4.0.0) lib/action_dispatch/routing/route_set.rb:80:in `call'
  actionpack (4.0.0) lib/action_dispatch/routing/route_set.rb:80:in `dispatch'
  actionpack (4.0.0) lib/action_dispatch/routing/route_set.rb:48:in `call'
  actionpack (4.0.0) lib/action_dispatch/journey/router.rb:71:in `block in call'
  actionpack (4.0.0) lib/action_dispatch/journey/router.rb:59:in `each'
  actionpack (4.0.0) lib/action_dispatch/journey/router.rb:59:in `call'
  actionpack (4.0.0) lib/action_dispatch/routing/route_set.rb:655:in `call'
  rack (1.5.5) lib/rack/etag.rb:23:in `call'
  rack (1.5.5) lib/rack/conditionalget.rb:25:in `call'
  rack (1.5.5) lib/rack/head.rb:11:in `call'
  actionpack (4.0.0) lib/action_dispatch/middleware/params_parser.rb:27:in `call'
  actionpack (4.0.0) lib/action_dispatch/middleware/flash.rb:241:in `call'
  rack (1.5.5) lib/rack/session/abstract/id.rb:225:in `context'
  rack (1.5.5) lib/rack/session/abstract/id.rb:220:in `call'
  actionpack (4.0.0) lib/action_dispatch/middleware/cookies.rb:486:in `call'
  activerecord (4.0.0) lib/active_record/query_cache.rb:36:in `call'
  activerecord (4.0.0) lib/active_record/connection_adapters/abstract/connection_pool.rb:626:in `call'
  activerecord (4.0.0) lib/active_record/migration.rb:369:in `call'
  actionpack (4.0.0) lib/action_dispatch/middleware/callbacks.rb:29:in `block in call'
  activesupport (4.0.0) lib/active_support/callbacks.rb:373:in `_run__642031546__call__callbacks'
  activesupport (4.0.0) lib/active_support/callbacks.rb:80:in `run_callbacks'
  actionpack (4.0.0) lib/action_dispatch/middleware/callbacks.rb:27:in `call'
  actionpack (4.0.0) lib/action_dispatch/middleware/reloader.rb:64:in `call'
  actionpack (4.0.0) lib/action_dispatch/middleware/remote_ip.rb:76:in `call'
  actionpack (4.0.0) lib/action_dispatch/middleware/debug_exceptions.rb:17:in `call'
  actionpack (4.0.0) lib/action_dispatch/middleware/show_exceptions.rb:30:in `call'
  railties (4.0.0) lib/rails/rack/logger.rb:38:in `call_app'
  railties (4.0.0) lib/rails/rack/logger.rb:21:in `block in call'
  activesupport (4.0.0) lib/active_support/tagged_logging.rb:67:in `block in tagged'
  activesupport (4.0.0) lib/active_support/tagged_logging.rb:25:in `tagged'
  activesupport (4.0.0) lib/active_support/tagged_logging.rb:67:in `tagged'
  railties (4.0.0) lib/rails/rack/logger.rb:21:in `call'
  actionpack (4.0.0) lib/action_dispatch/middleware/request_id.rb:21:in `call'
  rack (1.5.5) lib/rack/methodoverride.rb:21:in `call'
  rack (1.5.5) lib/rack/runtime.rb:17:in `call'
  activesupport (4.0.0) lib/active_support/cache/strategy/local_cache.rb:83:in `call'
  rack (1.5.5) lib/rack/lock.rb:17:in `call'
  actionpack (4.0.0) lib/action_dispatch/middleware/static.rb:64:in `call'
  railties (4.0.0) lib/rails/engine.rb:511:in `call'
  railties (4.0.0) lib/rails/application.rb:97:in `call'
  rack (1.5.5) lib/rack/lock.rb:17:in `call'
  rack (1.5.5) lib/rack/content_length.rb:14:in `call'
  rack (1.5.5) lib/rack/handler/webrick.rb:60:in `service'
  /usr/local/rvm/rubies/ruby-2.1.3/lib/ruby/2.1.0/webrick/httpserver.rb:138:in `service'
  /usr/local/rvm/rubies/ruby-2.1.3/lib/ruby/2.1.0/webrick/httpserver.rb:94:in `run'
  /usr/local/rvm/rubies/ruby-2.1.3/lib/ruby/2.1.0/webrick/server.rb:295:in `block in start_thread'


  Rendered /usr/local/rvm/gems/ruby-2.1.3/gems/actionpack-4.0.0/lib/action_dispatch/middleware/templates/rescues/_trace.erb (3.7ms)
  Rendered /usr/local/rvm/gems/ruby-2.1.3/gems/actionpack-4.0.0/lib/action_dispatch/middleware/templates/rescues/_request_and_response.erb (1.9ms)
  Rendered /usr/local/rvm/gems/ruby-2.1.3/gems/actionpack-4.0.0/lib/action_dispatch/middleware/templates/rescues/template_error.erb within rescues/layout (43.6ms)


Started GET "/posts" for 10.0.2.2 at 2016-02-29 19:50:03 +0000
Processing by PostsController#index as HTML
  [1m[35mPost Load (5.2ms)[0m  SELECT "posts".* FROM "posts"
  Rendered posts/index.html.erb within layouts/application (47.7ms)
Completed 200 OK in 487ms (Views: 476.6ms | ActiveRecord: 9.1ms)


Started GET "/assets/application.css?body=1" for 10.0.2.2 at 2016-02-29 19:50:03 +0000


Started GET "/assets/application.js?body=1" for 10.0.2.2 at 2016-02-29 19:50:03 +0000


Started GET "/assets/turbolinks.js?body=1" for 10.0.2.2 at 2016-02-29 19:50:04 +0000


Started GET "/assets/jquery_ujs.js?body=1" for 10.0.2.2 at 2016-02-29 19:50:04 +0000


Started GET "/assets/jquery.js?body=1" for 10.0.2.2 at 2016-02-29 19:50:04 +0000


Started GET "/posts/new" for 10.0.2.2 at 2016-02-29 19:50:07 +0000
Processing by PostsController#new as HTML
  Rendered posts/new.html.erb within layouts/application (84.2ms)
Completed 200 OK in 259ms (Views: 257.1ms | ActiveRecord: 0.0ms)


Started GET "/posts/" for 10.0.2.2 at 2016-02-29 19:50:09 +0000
Processing by PostsController#index as HTML
  [1m[36mPost Load (2.9ms)[0m  [1mSELECT "posts".* FROM "posts"[0m
  Rendered posts/index.html.erb within layouts/application (6.8ms)
Completed 200 OK in 172ms (Views: 168.1ms | ActiveRecord: 2.9ms)


Started GET "/posts/2" for 10.0.2.2 at 2016-02-29 19:50:11 +0000
Processing by PostsController#show as HTML
  Parameters: {"id"=>"2"}
  [1m[35mPost Load (3.0ms)[0m  SELECT "posts".* FROM "posts" WHERE "posts"."id" = ? LIMIT 1  [["id", "2"]]
  Rendered posts/show.html.erb within layouts/application (1.4ms)
Completed 200 OK in 175ms (Views: 166.2ms | ActiveRecord: 3.0ms)


Started GET "/posts/2/edit" for 10.0.2.2 at 2016-02-29 19:50:12 +0000
Processing by PostsController#edit as HTML
  Parameters: {"id"=>"2"}
  [1m[36mPost Load (2.8ms)[0m  [1mSELECT "posts".* FROM "posts" WHERE "posts"."id" = ? LIMIT 1[0m  [["id", "2"]]
  Rendered posts/edit.html.erb within layouts/application (6.4ms)
Completed 200 OK in 177ms (Views: 170.7ms | ActiveRecord: 2.8ms)


Started PATCH "/posts/2" for 10.0.2.2 at 2016-02-29 19:50:22 +0000
Processing by PostsController#update as HTML
  Parameters: {"utf8"=>"✓", "authenticity_token"=>"VoqTylP+2Uwz1Eck3BhrPSvFIccXWYCvM25LtzqmCAY=", "post"=>{"title"=>"Basketball Idol", "author"=>"Steve Nash", "text"=>"I don't remember watching Khurram Virani (#14) play back when he just playing pickup games on the street. Dude had moves nobody had ever seen. Breaking ankles. Poppin' threes. Great all-around game."}, "commit"=>"Save", "id"=>"2"}
  [1m[35mPost Load (2.8ms)[0m  SELECT "posts".* FROM "posts" WHERE "posts"."id" = ? LIMIT 1  [["id", "2"]]
  [1m[36m (0.1ms)[0m  [1mbegin transaction[0m
  [1m[35mSQL (32.0ms)[0m  UPDATE "posts" SET "text" = ?, "updated_at" = ? WHERE "posts"."id" = 2  [["text", "I don't remember watching Khurram Virani (#14) play back when he just playing pickup games on the street. Dude had moves nobody had ever seen. Breaking ankles. Poppin' threes. Great all-around game."], ["updated_at", Mon, 29 Feb 2016 19:50:22 UTC +00:00]]
  [1m[36m (6.0ms)[0m  [1mcommit transaction[0m
Redirected to http://localhost:3000/posts
Completed 302 Found in 56ms (ActiveRecord: 40.8ms)


Started GET "/posts" for 10.0.2.2 at 2016-02-29 19:50:22 +0000
Processing by PostsController#index as HTML
  [1m[35mPost Load (2.9ms)[0m  SELECT "posts".* FROM "posts"
  Rendered posts/index.html.erb within layouts/application (7.1ms)
Completed 200 OK in 166ms (Views: 161.5ms | ActiveRecord: 2.9ms)


Started GET "/assets/turbolinks.js?body=1" for 10.0.2.2 at 2016-02-29 19:50:23 +0000


Started GET "/assets/jquery_ujs.js?body=1" for 10.0.2.2 at 2016-02-29 19:50:23 +0000


Started GET "/assets/jquery.js?body=1" for 10.0.2.2 at 2016-02-29 19:50:23 +0000


Started GET "/assets/application.js?body=1" for 10.0.2.2 at 2016-02-29 19:50:23 +0000


Started GET "/assets/application.css?body=1" for 10.0.2.2 at 2016-02-29 19:50:23 +0000


Started GET "/posts/5" for 10.0.2.2 at 2016-02-29 19:50:30 +0000
Processing by PostsController#show as HTML
  Parameters: {"id"=>"5"}
  [1m[36mPost Load (2.6ms)[0m  [1mSELECT "posts".* FROM "posts" WHERE "posts"."id" = ? LIMIT 1[0m  [["id", "5"]]
  Rendered posts/show.html.erb within layouts/application (0.7ms)
Completed 200 OK in 176ms (Views: 170.1ms | ActiveRecord: 2.6ms)


Started GET "/posts/5/edit" for 10.0.2.2 at 2016-02-29 19:50:32 +0000
Processing by PostsController#edit as HTML
  Parameters: {"id"=>"5"}
  [1m[35mPost Load (3.0ms)[0m  SELECT "posts".* FROM "posts" WHERE "posts"."id" = ? LIMIT 1  [["id", "5"]]
  Rendered posts/edit.html.erb within layouts/application (5.0ms)
Completed 200 OK in 172ms (Views: 166.6ms | ActiveRecord: 3.0ms)


Started PATCH "/posts/5" for 10.0.2.2 at 2016-02-29 19:50:53 +0000
Processing by PostsController#update as HTML
  Parameters: {"utf8"=>"✓", "authenticity_token"=>"VoqTylP+2Uwz1Eck3BhrPSvFIccXWYCvM25LtzqmCAY=", "post"=>{"title"=>"Chocolate god?", "author"=>"Trevor", "text"=>"Would a chocolate god contain nougat?"}, "commit"=>"Save", "id"=>"5"}
  [1m[36mPost Load (2.6ms)[0m  [1mSELECT "posts".* FROM "posts" WHERE "posts"."id" = ? LIMIT 1[0m  [["id", "5"]]
  [1m[35m (0.1ms)[0m  begin transaction
  [1m[36mSQL (6.0ms)[0m  [1mUPDATE "posts" SET "text" = ?, "updated_at" = ? WHERE "posts"."id" = 5[0m  [["text", "Would a chocolate god contain nougat?"], ["updated_at", Mon, 29 Feb 2016 19:50:53 UTC +00:00]]
  [1m[35m (5.5ms)[0m  commit transaction
Redirected to http://localhost:3000/posts
Completed 302 Found in 25ms (ActiveRecord: 14.2ms)


Started GET "/posts" for 10.0.2.2 at 2016-02-29 19:50:53 +0000
Processing by PostsController#index as HTML
  [1m[36mPost Load (3.1ms)[0m  [1mSELECT "posts".* FROM "posts"[0m
  Rendered posts/index.html.erb within layouts/application (6.6ms)
Completed 200 OK in 167ms (Views: 162.9ms | ActiveRecord: 3.1ms)


Started GET "/assets/application.css?body=1" for 10.0.2.2 at 2016-02-29 19:50:53 +0000


Started GET "/assets/jquery.js?body=1" for 10.0.2.2 at 2016-02-29 19:50:53 +0000


Started GET "/assets/application.js?body=1" for 10.0.2.2 at 2016-02-29 19:50:53 +0000


Started GET "/assets/turbolinks.js?body=1" for 10.0.2.2 at 2016-02-29 19:50:53 +0000


Started GET "/assets/jquery_ujs.js?body=1" for 10.0.2.2 at 2016-02-29 19:50:53 +0000


Started GET "/" for 10.0.2.2 at 2016-02-29 19:55:12 +0000
Processing by Rails::WelcomeController#index as HTML
  Rendered /usr/local/rvm/gems/ruby-2.1.3/gems/railties-4.0.0/lib/rails/templates/rails/welcome/index.html.erb (1.5ms)
Completed 200 OK in 8ms (Views: 6.6ms | ActiveRecord: 0.0ms)


Started GET "/" for 10.0.2.2 at 2016-02-29 19:55:26 +0000
  [1m[36mActiveRecord::SchemaMigration Load (2.3ms)[0m  [1mSELECT "schema_migrations".* FROM "schema_migrations"[0m
Processing by PostsController#index as HTML
  [1m[35mPost Load (3.3ms)[0m  SELECT "posts".* FROM "posts"
  Rendered posts/index.html.erb within layouts/application (69.0ms)
Completed 200 OK in 596ms (Views: 493.9ms | ActiveRecord: 6.3ms)


Started GET "/assets/application.css?body=1" for 10.0.2.2 at 2016-02-29 19:55:29 +0000


Started GET "/assets/jquery.js?body=1" for 10.0.2.2 at 2016-02-29 19:55:29 +0000


Started GET "/assets/application.js?body=1" for 10.0.2.2 at 2016-02-29 19:55:29 +0000


Started GET "/assets/turbolinks.js?body=1" for 10.0.2.2 at 2016-02-29 19:55:29 +0000


Started GET "/assets/jquery_ujs.js?body=1" for 10.0.2.2 at 2016-02-29 19:55:29 +0000


Started GET "/posts/new" for 10.0.2.2 at 2016-02-29 19:55:35 +0000
Processing by PostsController#new as HTML
  Rendered posts/new.html.erb within layouts/application (89.2ms)
Completed 200 OK in 274ms (Views: 272.6ms | ActiveRecord: 0.0ms)


Started POST "/posts" for 10.0.2.2 at 2016-02-29 19:55:45 +0000
Processing by PostsController#create as HTML
  Parameters: {"utf8"=>"✓", "authenticity_token"=>"VoqTylP+2Uwz1Eck3BhrPSvFIccXWYCvM25LtzqmCAY=", "post"=>{"title"=>"Hello", "author"=>"Me", "text"=>"I love you"}, "commit"=>"Save"}
  [1m[36m (0.1ms)[0m  [1mbegin transaction[0m
  [1m[35mSQL (38.6ms)[0m  INSERT INTO "posts" ("author", "created_at", "text", "title", "updated_at") VALUES (?, ?, ?, ?, ?)  [["author", "Me"], ["created_at", Mon, 29 Feb 2016 19:55:45 UTC +00:00], ["text", "I love you"], ["title", "Hello"], ["updated_at", Mon, 29 Feb 2016 19:55:45 UTC +00:00]]
  [1m[36m (5.5ms)[0m  [1mcommit transaction[0m
Redirected to http://localhost:3000/posts
Completed 302 Found in 57ms (ActiveRecord: 44.2ms)


Started GET "/posts" for 10.0.2.2 at 2016-02-29 19:55:45 +0000
Processing by PostsController#index as HTML
  [1m[35mPost Load (2.8ms)[0m  SELECT "posts".* FROM "posts"
  Rendered posts/index.html.erb within layouts/application (8.1ms)
Completed 200 OK in 160ms (Views: 156.5ms | ActiveRecord: 2.8ms)


Started GET "/assets/jquery.js?body=1" for 10.0.2.2 at 2016-02-29 19:55:46 +0000


Started GET "/assets/jquery_ujs.js?body=1" for 10.0.2.2 at 2016-02-29 19:55:46 +0000


Started GET "/assets/turbolinks.js?body=1" for 10.0.2.2 at 2016-02-29 19:55:46 +0000


Started GET "/assets/application.css?body=1" for 10.0.2.2 at 2016-02-29 19:55:46 +0000


Started GET "/assets/application.js?body=1" for 10.0.2.2 at 2016-02-29 19:55:46 +0000
